2024-04-25 08:06:55,123 -------------
Starting training
2024-04-25 08:15:45,533 Epoch: 1, Train Loss: 59.765, Train Time: 530.41s
2024-04-25 08:24:43,733 Epoch: 2, Train Loss: 20.958, Train Time: 538.18s
2024-04-25 08:34:09,344 Epoch: 3, Train Loss: 15.362, Train Time: 565.58s
2024-04-25 08:43:56,116 Epoch: 4, Train Loss: 12.088, Train Time: 586.74s
2024-04-25 08:53:54,551 Epoch: 5, Train Loss: 9.986, Train Time: 598.40s
2024-04-25 09:04:05,370 Epoch: 6, Train Loss: 8.585, Train Time: 610.78s
2024-04-25 09:14:27,613 Epoch: 7, Train Loss: 7.557, Train Time: 622.20s
2024-04-25 09:25:04,796 Epoch: 8, Train Loss: 6.757, Train Time: 637.14s
2024-04-25 09:35:44,521 Epoch: 9, Train Loss: 6.104, Train Time: 639.68s
2024-04-25 09:46:36,197 Epoch: 10, Train Loss: 5.539, Train Time: 651.63s
2024-04-25 09:57:26,895 Epoch: 11, Train Loss: 5.096, Train Time: 650.65s
2024-04-25 10:08:16,616 Epoch: 12, Train Loss: 4.649, Train Time: 649.67s
2024-04-25 10:19:10,346 Epoch: 13, Train Loss: 4.286, Train Time: 653.68s
2024-04-25 10:29:54,357 Epoch: 14, Train Loss: 3.940, Train Time: 643.96s
2024-04-25 10:40:41,759 Epoch: 15, Train Loss: 3.669, Train Time: 647.35s
2024-04-25 10:51:34,143 Epoch: 16, Train Loss: 3.409, Train Time: 652.33s
2024-04-25 11:02:32,653 Epoch: 17, Train Loss: 3.165, Train Time: 658.46s
2024-04-25 11:13:25,030 Epoch: 18, Train Loss: 2.951, Train Time: 652.32s
2024-04-25 11:24:18,854 Epoch: 19, Train Loss: 2.730, Train Time: 653.77s
2024-04-25 11:35:20,932 Epoch: 20, Train Loss: 2.563, Train Time: 662.02s
2024-04-25 11:46:31,286 Epoch: 21, Train Loss: 2.450, Train Time: 670.30s
2024-04-25 11:57:40,352 Epoch: 22, Train Loss: 2.268, Train Time: 669.01s
2024-04-25 12:08:49,129 Epoch: 23, Train Loss: 2.155, Train Time: 668.72s
2024-04-25 12:20:04,898 Epoch: 24, Train Loss: 2.045, Train Time: 675.71s
2024-04-25 12:31:22,613 Epoch: 25, Train Loss: 1.892, Train Time: 677.66s
2024-04-25 12:42:40,026 Epoch: 26, Train Loss: 1.805, Train Time: 677.35s
2024-04-25 12:53:58,960 Epoch: 27, Train Loss: 1.779, Train Time: 678.88s
2024-04-25 13:05:20,766 Epoch: 28, Train Loss: 1.736, Train Time: 681.74s
2024-04-25 13:16:50,396 Epoch: 29, Train Loss: 1.577, Train Time: 689.57s
2024-04-25 13:28:18,278 Epoch: 30, Train Loss: 1.524, Train Time: 687.82s
2024-04-25 13:39:53,489 Epoch: 31, Train Loss: 1.450, Train Time: 695.15s
2024-04-25 13:51:33,516 Epoch: 32, Train Loss: 1.368, Train Time: 699.96s
2024-04-25 14:03:19,931 Epoch: 33, Train Loss: 1.307, Train Time: 706.35s
2024-04-25 14:15:09,232 Epoch: 34, Train Loss: 1.273, Train Time: 709.23s
2024-04-25 14:27:01,661 Epoch: 35, Train Loss: 1.194, Train Time: 712.36s
2024-04-25 14:39:02,181 Epoch: 36, Train Loss: 1.203, Train Time: 720.45s
2024-04-25 14:51:09,869 Epoch: 37, Train Loss: 1.141, Train Time: 727.62s
2024-04-25 15:03:15,151 Epoch: 38, Train Loss: 1.072, Train Time: 725.21s
2024-04-25 15:15:25,893 Epoch: 39, Train Loss: 1.081, Train Time: 730.67s
2024-04-25 15:27:43,533 Epoch: 40, Train Loss: 1.050, Train Time: 737.57s
2024-04-25 15:40:03,354 Epoch: 41, Train Loss: 1.004, Train Time: 739.75s
2024-04-25 15:52:23,111 Epoch: 42, Train Loss: 0.961, Train Time: 739.68s
2024-04-25 16:04:41,973 Epoch: 43, Train Loss: 0.883, Train Time: 738.78s
2024-04-25 16:17:01,131 Epoch: 44, Train Loss: 0.903, Train Time: 739.08s
2024-04-25 16:29:23,561 Epoch: 45, Train Loss: 0.849, Train Time: 742.35s
2024-04-25 16:41:43,548 Epoch: 46, Train Loss: 0.867, Train Time: 739.91s
2024-04-25 16:54:11,089 Epoch: 47, Train Loss: 0.867, Train Time: 747.46s
2024-04-25 17:06:37,643 Epoch: 48, Train Loss: 0.789, Train Time: 746.48s
2024-04-25 17:19:03,593 Epoch: 49, Train Loss: 0.808, Train Time: 745.87s
2024-04-25 17:31:31,889 Epoch: 50, Train Loss: 0.801, Train Time: 748.22s
2024-04-25 17:43:52,818 Epoch: 51, Train Loss: 0.748, Train Time: 740.85s
2024-04-25 17:56:19,105 Epoch: 52, Train Loss: 0.746, Train Time: 746.21s
2024-04-25 18:08:45,257 Epoch: 53, Train Loss: 0.782, Train Time: 746.07s
2024-04-25 18:21:25,438 Epoch: 54, Train Loss: 0.708, Train Time: 760.10s
2024-04-25 18:33:48,311 Epoch: 55, Train Loss: 0.719, Train Time: 742.80s
2024-04-25 18:46:13,737 Epoch: 56, Train Loss: 0.680, Train Time: 745.35s
2024-04-25 18:58:41,151 Epoch: 57, Train Loss: 0.649, Train Time: 747.33s
2024-04-25 19:11:07,125 Epoch: 58, Train Loss: 0.686, Train Time: 745.89s
2024-04-25 19:23:38,966 Epoch: 59, Train Loss: 0.671, Train Time: 751.76s
2024-04-25 19:36:14,317 Epoch: 60, Train Loss: 0.675, Train Time: 755.27s
2024-04-25 19:48:50,545 Epoch: 61, Train Loss: 0.634, Train Time: 756.15s
2024-04-25 20:01:25,662 Epoch: 62, Train Loss: 0.621, Train Time: 755.04s
2024-04-25 20:13:59,466 Epoch: 63, Train Loss: 0.663, Train Time: 753.72s
2024-04-25 20:26:35,317 Epoch: 64, Train Loss: 0.594, Train Time: 755.77s
2024-04-25 20:39:11,033 Epoch: 65, Train Loss: 0.583, Train Time: 755.63s
2024-04-25 20:51:49,750 Epoch: 66, Train Loss: 0.536, Train Time: 758.63s
2024-04-25 21:04:27,322 Epoch: 67, Train Loss: 0.543, Train Time: 757.49s
2024-04-25 21:17:10,122 Epoch: 68, Train Loss: 0.586, Train Time: 762.71s
2024-04-25 21:29:53,758 Epoch: 69, Train Loss: 0.574, Train Time: 763.55s
2024-04-25 21:42:40,173 Epoch: 70, Train Loss: 0.528, Train Time: 766.33s
2024-04-25 21:55:18,359 Epoch: 71, Train Loss: 0.488, Train Time: 758.10s
2024-04-25 22:08:02,536 Epoch: 72, Train Loss: 0.498, Train Time: 764.09s
2024-04-25 22:20:46,617 Epoch: 73, Train Loss: 0.518, Train Time: 763.99s
2024-04-25 22:33:29,590 Epoch: 74, Train Loss: 0.551, Train Time: 762.89s
2024-04-25 22:46:15,717 Epoch: 75, Train Loss: 0.519, Train Time: 766.04s
2024-04-25 22:59:02,841 Epoch: 76, Train Loss: 0.536, Train Time: 767.03s
2024-04-25 23:11:59,036 Epoch: 77, Train Loss: 0.494, Train Time: 776.10s
2024-04-25 23:24:49,844 Epoch: 78, Train Loss: 0.469, Train Time: 770.72s
2024-04-25 23:37:41,215 Epoch: 79, Train Loss: 0.509, Train Time: 771.28s
2024-04-25 23:50:34,034 Epoch: 80, Train Loss: 0.470, Train Time: 772.73s
2024-04-26 00:03:26,102 Epoch: 81, Train Loss: 0.490, Train Time: 771.98s
2024-04-26 00:16:17,026 Epoch: 82, Train Loss: 0.550, Train Time: 770.83s
2024-04-26 00:29:11,605 Epoch: 83, Train Loss: 0.506, Train Time: 774.49s
2024-04-26 00:42:05,443 Epoch: 84, Train Loss: 0.451, Train Time: 773.75s
2024-04-26 00:55:02,894 Epoch: 85, Train Loss: 0.516, Train Time: 777.36s
2024-04-26 01:07:52,940 Epoch: 86, Train Loss: 0.487, Train Time: 769.95s
2024-04-26 01:20:47,977 Epoch: 87, Train Loss: 0.444, Train Time: 774.94s
2024-04-26 01:33:49,046 Epoch: 88, Train Loss: 0.453, Train Time: 780.97s
2024-04-26 01:46:54,244 Epoch: 89, Train Loss: 0.467, Train Time: 785.09s
2024-04-26 01:59:52,047 Epoch: 90, Train Loss: 0.456, Train Time: 777.71s
2024-04-26 02:12:46,946 Epoch: 91, Train Loss: 0.442, Train Time: 774.80s
2024-04-26 02:25:56,460 Epoch: 92, Train Loss: 0.471, Train Time: 789.42s
2024-04-26 02:38:56,296 Epoch: 93, Train Loss: 0.437, Train Time: 779.74s
2024-04-26 02:52:02,289 Epoch: 94, Train Loss: 0.479, Train Time: 785.89s
2024-04-26 03:05:04,898 Epoch: 95, Train Loss: 0.439, Train Time: 782.51s
2024-04-26 03:18:16,007 Epoch: 96, Train Loss: 0.439, Train Time: 791.01s
2024-04-26 03:31:09,406 Epoch: 97, Train Loss: 0.436, Train Time: 773.30s
2024-04-26 03:44:06,303 Epoch: 98, Train Loss: 0.481, Train Time: 776.80s
2024-04-26 03:56:57,208 Epoch: 99, Train Loss: 0.481, Train Time: 770.80s
2024-04-26 04:09:51,287 Epoch: 100, Train Loss: 0.440, Train Time: 773.98s
2024-04-26 04:22:56,005 Epoch: 101, Train Loss: 0.407, Train Time: 784.62s
2024-04-26 04:36:01,851 Epoch: 102, Train Loss: 0.424, Train Time: 785.74s
2024-04-26 04:49:00,209 Epoch: 103, Train Loss: 0.464, Train Time: 778.26s
2024-04-26 05:02:06,537 Epoch: 104, Train Loss: 0.454, Train Time: 786.23s
2024-04-26 05:15:19,735 Epoch: 105, Train Loss: 0.460, Train Time: 793.10s
2024-04-26 05:28:26,718 Epoch: 106, Train Loss: 0.392, Train Time: 786.88s
2024-04-26 05:41:34,989 Epoch: 107, Train Loss: 0.365, Train Time: 788.17s
2024-04-26 05:54:42,369 Epoch: 108, Train Loss: 0.371, Train Time: 787.28s
2024-04-26 06:07:53,543 Epoch: 109, Train Loss: 0.415, Train Time: 791.07s
2024-04-26 06:21:01,854 Epoch: 110, Train Loss: 0.420, Train Time: 788.21s
2024-04-26 06:34:39,231 Epoch: 111, Train Loss: 0.395, Train Time: 817.28s
2024-04-26 06:47:57,621 Epoch: 112, Train Loss: 0.376, Train Time: 798.28s
2024-04-26 07:01:17,097 Epoch: 113, Train Loss: 0.441, Train Time: 799.37s
2024-04-26 07:14:35,988 Epoch: 114, Train Loss: 0.384, Train Time: 798.79s
2024-04-26 07:27:59,747 Epoch: 115, Train Loss: 0.439, Train Time: 803.65s
2024-04-26 07:41:21,899 Epoch: 116, Train Loss: 0.428, Train Time: 802.05s
2024-04-26 07:54:47,093 Epoch: 117, Train Loss: 0.376, Train Time: 805.08s
2024-04-26 08:08:30,279 Epoch: 118, Train Loss: 0.403, Train Time: 823.07s
2024-04-26 08:21:41,126 Epoch: 119, Train Loss: 0.420, Train Time: 790.74s
2024-04-26 08:35:09,475 Epoch: 120, Train Loss: 0.398, Train Time: 808.24s
2024-04-26 08:48:36,488 Epoch: 121, Train Loss: 0.397, Train Time: 806.90s
2024-04-26 09:02:59,538 Epoch: 122, Train Loss: 0.452, Train Time: 862.94s
2024-04-26 09:16:44,238 Epoch: 123, Train Loss: 0.376, Train Time: 824.58s
2024-04-26 09:30:10,085 Epoch: 124, Train Loss: 0.437, Train Time: 805.73s
2024-04-26 09:43:49,202 Epoch: 125, Train Loss: 0.484, Train Time: 818.99s
2024-04-26 09:57:59,146 Epoch: 126, Train Loss: 0.394, Train Time: 849.83s
2024-04-26 10:11:37,619 Epoch: 127, Train Loss: 0.419, Train Time: 818.36s
2024-04-26 10:25:47,708 Epoch: 128, Train Loss: 0.452, Train Time: 849.98s
2024-04-26 10:39:22,763 Epoch: 129, Train Loss: 0.425, Train Time: 814.94s
2024-04-26 10:53:38,249 Epoch: 130, Train Loss: 0.448, Train Time: 855.37s
2024-04-26 11:07:31,432 Epoch: 131, Train Loss: 0.434, Train Time: 833.07s
2024-04-26 11:21:19,964 Epoch: 132, Train Loss: 0.444, Train Time: 828.42s
2024-04-26 13:22:44,914 -------------
Starting training
2024-04-26 13:25:04,487 Epoch: 1, Train Loss: 111.194, Train Time: 139.57s
2024-04-26 13:26:40,441 Epoch: 2, Train Loss: 45.535, Train Time: 95.93s
2024-04-26 13:28:07,298 Epoch: 3, Train Loss: 26.789, Train Time: 86.84s
2024-04-26 13:29:36,158 Epoch: 4, Train Loss: 22.319, Train Time: 88.84s
2024-04-26 13:31:04,725 Epoch: 5, Train Loss: 20.079, Train Time: 88.55s
2024-04-26 13:32:34,007 Epoch: 6, Train Loss: 18.359, Train Time: 89.26s
2024-04-26 13:34:03,232 Epoch: 7, Train Loss: 16.830, Train Time: 89.21s
2024-04-26 13:35:32,489 Epoch: 8, Train Loss: 15.427, Train Time: 89.23s
2024-04-26 13:37:02,887 Epoch: 9, Train Loss: 14.042, Train Time: 90.38s
2024-04-26 13:38:32,519 Epoch: 10, Train Loss: 12.987, Train Time: 89.61s
2024-04-26 13:40:02,187 Epoch: 11, Train Loss: 11.953, Train Time: 89.65s
2024-04-26 13:41:32,026 Epoch: 12, Train Loss: 11.004, Train Time: 89.82s
2024-04-26 13:43:02,355 Epoch: 13, Train Loss: 10.335, Train Time: 90.31s
2024-04-26 13:44:32,204 Epoch: 14, Train Loss: 9.496, Train Time: 89.83s
2024-04-26 13:46:02,654 Epoch: 15, Train Loss: 8.756, Train Time: 90.43s
2024-04-26 13:47:34,425 Epoch: 16, Train Loss: 8.223, Train Time: 91.75s
2024-04-26 13:49:04,578 Epoch: 17, Train Loss: 7.754, Train Time: 90.13s
2024-04-26 13:50:34,804 Epoch: 18, Train Loss: 7.305, Train Time: 90.20s
2024-04-26 13:52:04,641 Epoch: 19, Train Loss: 6.825, Train Time: 89.81s
2024-04-26 13:53:35,173 Epoch: 20, Train Loss: 6.451, Train Time: 90.51s
2024-04-26 13:55:05,541 Epoch: 21, Train Loss: 6.047, Train Time: 90.34s
2024-04-26 13:56:34,975 Epoch: 22, Train Loss: 5.755, Train Time: 89.41s
2024-04-26 13:58:03,653 Epoch: 23, Train Loss: 5.487, Train Time: 88.66s
2024-04-26 13:59:33,430 Epoch: 24, Train Loss: 5.123, Train Time: 89.76s
2024-04-26 14:01:01,897 Epoch: 25, Train Loss: 4.784, Train Time: 88.45s
2024-04-26 14:02:31,112 Epoch: 26, Train Loss: 4.556, Train Time: 89.19s
2024-04-26 14:04:00,957 Epoch: 27, Train Loss: 4.294, Train Time: 89.82s
2024-04-26 14:05:30,055 Epoch: 28, Train Loss: 4.056, Train Time: 89.08s
2024-04-26 14:06:58,994 Epoch: 29, Train Loss: 3.864, Train Time: 88.92s
2024-04-26 14:08:27,954 Epoch: 30, Train Loss: 3.714, Train Time: 88.94s
2024-04-26 14:09:57,106 Epoch: 31, Train Loss: 3.486, Train Time: 89.13s
2024-04-26 14:11:25,538 Epoch: 32, Train Loss: 3.264, Train Time: 88.41s
2024-04-26 14:12:53,991 Epoch: 33, Train Loss: 3.062, Train Time: 88.43s
2024-04-26 14:14:22,360 Epoch: 34, Train Loss: 2.869, Train Time: 88.35s
2024-04-26 14:15:51,349 Epoch: 35, Train Loss: 2.708, Train Time: 88.97s
2024-04-26 14:17:19,586 Epoch: 36, Train Loss: 2.572, Train Time: 88.21s
2024-04-26 14:18:47,799 Epoch: 37, Train Loss: 2.515, Train Time: 88.19s
2024-04-26 14:20:16,751 Epoch: 38, Train Loss: 2.363, Train Time: 88.93s
2024-04-26 14:21:45,007 Epoch: 39, Train Loss: 2.192, Train Time: 88.23s
2024-04-26 14:23:16,321 Epoch: 40, Train Loss: 2.067, Train Time: 91.29s
2024-04-26 14:24:45,107 Epoch: 41, Train Loss: 1.987, Train Time: 88.76s
2024-04-26 14:26:14,259 Epoch: 42, Train Loss: 1.915, Train Time: 89.13s
2024-04-26 14:27:42,481 Epoch: 43, Train Loss: 1.846, Train Time: 88.20s
2024-04-26 14:29:11,616 Epoch: 44, Train Loss: 1.815, Train Time: 89.11s
2024-04-26 14:30:40,719 Epoch: 45, Train Loss: 1.696, Train Time: 89.08s
2024-04-26 14:32:10,386 Epoch: 46, Train Loss: 1.468, Train Time: 89.65s
2024-04-26 14:33:39,277 Epoch: 47, Train Loss: 1.318, Train Time: 88.87s
2024-04-26 14:35:08,260 Epoch: 48, Train Loss: 1.196, Train Time: 88.96s
2024-04-26 14:36:37,115 Epoch: 49, Train Loss: 1.177, Train Time: 88.83s
2024-04-26 14:38:06,797 Epoch: 50, Train Loss: 1.183, Train Time: 89.66s
2024-04-26 14:39:35,700 Epoch: 51, Train Loss: 1.023, Train Time: 88.88s
2024-04-26 14:41:04,226 Epoch: 52, Train Loss: 1.028, Train Time: 88.50s
2024-04-26 14:42:33,590 Epoch: 53, Train Loss: 0.948, Train Time: 89.34s
2024-04-26 14:44:02,334 Epoch: 54, Train Loss: 0.883, Train Time: 88.72s
2024-04-26 14:45:31,402 Epoch: 55, Train Loss: 0.792, Train Time: 89.04s
2024-04-26 14:47:01,269 Epoch: 56, Train Loss: 0.827, Train Time: 89.85s
2024-04-26 14:48:30,365 Epoch: 57, Train Loss: 0.807, Train Time: 89.07s
2024-04-26 14:49:59,145 Epoch: 58, Train Loss: 0.757, Train Time: 88.76s
2024-04-26 14:51:28,035 Epoch: 59, Train Loss: 0.591, Train Time: 88.87s
2024-04-26 14:52:56,593 Epoch: 60, Train Loss: 0.545, Train Time: 88.54s
2024-04-26 14:54:25,044 Epoch: 61, Train Loss: 0.488, Train Time: 88.43s
2024-04-26 14:55:53,366 Epoch: 62, Train Loss: 0.428, Train Time: 88.30s
2024-04-26 14:57:22,237 Epoch: 63, Train Loss: 0.359, Train Time: 88.85s
2024-04-26 14:58:50,550 Epoch: 64, Train Loss: 0.337, Train Time: 88.29s
2024-04-26 15:00:18,769 Epoch: 65, Train Loss: 0.274, Train Time: 88.20s
2024-04-26 15:01:46,909 Epoch: 66, Train Loss: 0.204, Train Time: 88.12s
2024-04-26 15:03:15,971 Epoch: 67, Train Loss: 0.172, Train Time: 89.04s
2024-04-26 15:04:43,919 Epoch: 68, Train Loss: 0.180, Train Time: 87.93s
2024-04-26 15:06:12,284 Epoch: 69, Train Loss: 0.137, Train Time: 88.34s
2024-04-26 15:07:41,280 Epoch: 70, Train Loss: 0.129, Train Time: 88.97s
2024-04-26 15:09:09,200 Epoch: 71, Train Loss: 0.110, Train Time: 87.90s
2024-04-26 15:10:37,345 Epoch: 72, Train Loss: 0.086, Train Time: 88.12s
2024-04-26 15:12:05,912 Epoch: 73, Train Loss: 0.115, Train Time: 88.55s
2024-04-26 15:13:33,863 Epoch: 74, Train Loss: 0.098, Train Time: 87.93s
2024-04-26 15:15:01,896 Epoch: 75, Train Loss: 0.089, Train Time: 88.01s
2024-04-26 15:16:29,954 Epoch: 76, Train Loss: 0.046, Train Time: 88.04s
2024-04-26 15:17:58,662 Epoch: 77, Train Loss: -0.004, Train Time: 88.69s
2024-04-26 15:19:26,731 Epoch: 78, Train Loss: -0.088, Train Time: 88.05s
2024-04-26 15:20:54,812 Epoch: 79, Train Loss: -0.091, Train Time: 88.06s
2024-04-26 15:22:23,525 Epoch: 80, Train Loss: -0.079, Train Time: 88.69s
2024-04-26 15:23:52,135 Epoch: 81, Train Loss: -0.072, Train Time: 88.59s
2024-04-26 15:25:20,234 Epoch: 82, Train Loss: -0.120, Train Time: 88.08s
2024-04-26 15:26:48,165 Epoch: 83, Train Loss: -0.128, Train Time: 87.91s
2024-04-26 15:28:17,123 Epoch: 84, Train Loss: -0.173, Train Time: 88.94s
2024-04-26 15:29:45,223 Epoch: 85, Train Loss: -0.190, Train Time: 88.08s
2024-04-26 15:31:13,347 Epoch: 86, Train Loss: -0.235, Train Time: 88.10s
2024-04-26 15:32:42,235 Epoch: 87, Train Loss: -0.250, Train Time: 88.87s
2024-04-26 15:34:10,437 Epoch: 88, Train Loss: -0.265, Train Time: 88.18s
2024-04-26 15:35:38,466 Epoch: 89, Train Loss: -0.224, Train Time: 88.01s
2024-04-26 15:37:06,748 Epoch: 90, Train Loss: -0.240, Train Time: 88.26s
2024-04-26 15:38:35,880 Epoch: 91, Train Loss: -0.201, Train Time: 89.11s
2024-04-26 15:40:04,665 Epoch: 92, Train Loss: -0.279, Train Time: 88.76s
2024-04-26 15:41:33,427 Epoch: 93, Train Loss: -0.285, Train Time: 88.74s
2024-04-26 15:43:02,932 Epoch: 94, Train Loss: -0.328, Train Time: 89.48s
2024-04-26 15:44:31,307 Epoch: 95, Train Loss: -0.354, Train Time: 88.35s
2024-04-26 15:45:59,841 Epoch: 96, Train Loss: -0.415, Train Time: 88.51s
2024-04-26 15:47:28,123 Epoch: 97, Train Loss: -0.410, Train Time: 88.26s
2024-04-26 15:48:57,486 Epoch: 98, Train Loss: -0.402, Train Time: 89.34s
2024-04-26 15:50:25,873 Epoch: 99, Train Loss: -0.424, Train Time: 88.37s
2024-04-26 15:51:54,030 Epoch: 100, Train Loss: -0.441, Train Time: 88.13s
2024-04-26 15:53:23,387 Epoch: 101, Train Loss: -0.415, Train Time: 89.33s
2024-04-26 15:54:51,939 Epoch: 102, Train Loss: -0.441, Train Time: 88.53s
2024-04-26 15:56:20,488 Epoch: 103, Train Loss: -0.360, Train Time: 88.53s
2024-04-26 15:57:49,059 Epoch: 104, Train Loss: -0.368, Train Time: 88.55s
2024-04-26 15:59:18,443 Epoch: 105, Train Loss: -0.357, Train Time: 89.36s
2024-04-26 16:00:47,029 Epoch: 106, Train Loss: -0.392, Train Time: 88.56s
2024-04-26 16:02:15,922 Epoch: 107, Train Loss: -0.405, Train Time: 88.87s
2024-04-26 16:03:45,178 Epoch: 108, Train Loss: -0.491, Train Time: 89.23s
2024-04-26 16:05:14,066 Epoch: 109, Train Loss: -0.521, Train Time: 88.87s
2024-04-26 16:06:42,569 Epoch: 110, Train Loss: -0.565, Train Time: 88.48s
2024-04-26 16:08:11,013 Epoch: 111, Train Loss: -0.552, Train Time: 88.42s
2024-04-26 16:09:40,315 Epoch: 112, Train Loss: -0.588, Train Time: 89.28s
2024-04-26 16:11:08,588 Epoch: 113, Train Loss: -0.596, Train Time: 88.25s
2024-04-26 16:12:37,038 Epoch: 114, Train Loss: -0.627, Train Time: 88.43s
2024-04-26 16:14:06,214 Epoch: 115, Train Loss: -0.577, Train Time: 89.15s
2024-04-26 16:15:34,834 Epoch: 116, Train Loss: -0.526, Train Time: 88.60s
2024-04-26 16:17:03,488 Epoch: 117, Train Loss: -0.490, Train Time: 88.63s
2024-04-26 16:18:31,985 Epoch: 118, Train Loss: -0.456, Train Time: 88.47s
2024-04-26 16:20:01,191 Epoch: 119, Train Loss: -0.430, Train Time: 89.18s
2024-04-26 16:21:30,147 Epoch: 120, Train Loss: -0.518, Train Time: 88.93s
2024-04-26 16:22:58,952 Epoch: 121, Train Loss: -0.486, Train Time: 88.78s
2024-04-26 16:24:27,580 Epoch: 122, Train Loss: -0.443, Train Time: 88.61s
2024-04-26 16:25:57,235 Epoch: 123, Train Loss: -0.511, Train Time: 89.63s
2024-04-26 16:27:26,157 Epoch: 124, Train Loss: -0.509, Train Time: 88.90s
2024-04-26 16:28:54,925 Epoch: 125, Train Loss: -0.539, Train Time: 88.74s
2024-04-26 16:30:24,221 Epoch: 126, Train Loss: -0.540, Train Time: 89.27s
2024-04-26 16:31:53,059 Epoch: 127, Train Loss: -0.540, Train Time: 88.82s
2024-04-26 16:33:22,235 Epoch: 128, Train Loss: -0.521, Train Time: 89.15s
2024-04-26 16:34:50,882 Epoch: 129, Train Loss: -0.520, Train Time: 88.62s
2024-04-26 16:36:20,400 Epoch: 130, Train Loss: -0.505, Train Time: 89.50s
2024-04-26 16:37:49,613 Epoch: 131, Train Loss: -0.483, Train Time: 89.19s
2024-04-26 16:39:18,726 Epoch: 132, Train Loss: -0.518, Train Time: 89.09s
2024-04-26 16:40:48,300 Epoch: 133, Train Loss: -0.540, Train Time: 89.55s
2024-04-26 16:42:17,010 Epoch: 134, Train Loss: -0.502, Train Time: 88.69s
2024-04-26 16:43:46,331 Epoch: 135, Train Loss: -0.526, Train Time: 89.30s
2024-04-26 16:45:15,084 Epoch: 136, Train Loss: -0.571, Train Time: 88.73s
2024-04-26 16:46:44,565 Epoch: 137, Train Loss: -0.570, Train Time: 89.46s
2024-04-26 16:48:13,488 Epoch: 138, Train Loss: -0.596, Train Time: 88.90s
2024-04-26 16:49:42,348 Epoch: 139, Train Loss: -0.644, Train Time: 88.84s
2024-04-26 16:51:11,980 Epoch: 140, Train Loss: -0.565, Train Time: 89.61s
2024-04-26 16:52:41,134 Epoch: 141, Train Loss: -0.595, Train Time: 89.13s
2024-04-26 16:54:10,295 Epoch: 142, Train Loss: -0.603, Train Time: 89.14s
2024-04-26 16:55:39,307 Epoch: 143, Train Loss: -0.594, Train Time: 88.99s
2024-04-26 16:57:09,220 Epoch: 144, Train Loss: -0.579, Train Time: 89.89s
2024-04-26 16:58:38,249 Epoch: 145, Train Loss: -0.511, Train Time: 89.01s
2024-04-26 17:00:07,147 Epoch: 146, Train Loss: -0.450, Train Time: 88.88s
2024-04-26 17:01:37,339 Epoch: 147, Train Loss: -0.395, Train Time: 90.17s
2024-04-26 17:03:06,499 Epoch: 148, Train Loss: -0.452, Train Time: 89.14s
2024-04-26 17:04:35,660 Epoch: 149, Train Loss: -0.546, Train Time: 89.14s
2024-04-26 17:06:04,811 Epoch: 150, Train Loss: -0.542, Train Time: 89.13s
2024-04-26 17:07:34,746 Epoch: 151, Train Loss: -0.607, Train Time: 89.91s
2024-04-26 17:09:03,942 Epoch: 152, Train Loss: -0.646, Train Time: 89.17s
2024-04-26 17:10:32,936 Epoch: 153, Train Loss: -0.656, Train Time: 88.97s
2024-04-26 17:12:01,076 Epoch: 154, Train Loss: -0.594, Train Time: 88.12s
2024-04-26 17:13:29,967 Epoch: 155, Train Loss: -0.598, Train Time: 88.87s
2024-04-26 17:14:57,990 Epoch: 156, Train Loss: -0.653, Train Time: 88.00s
2024-04-26 17:16:25,880 Epoch: 157, Train Loss: -0.615, Train Time: 87.87s
2024-04-26 17:17:54,186 Epoch: 158, Train Loss: -0.635, Train Time: 88.29s
2024-04-26 17:19:22,646 Epoch: 159, Train Loss: -0.667, Train Time: 88.44s
2024-04-26 17:20:51,185 Epoch: 160, Train Loss: -0.677, Train Time: 88.52s
2024-04-26 17:22:19,333 Epoch: 161, Train Loss: -0.681, Train Time: 88.13s
2024-04-26 17:23:48,219 Epoch: 162, Train Loss: -0.691, Train Time: 88.87s
2024-04-26 17:25:16,197 Epoch: 163, Train Loss: -0.606, Train Time: 87.96s
2024-04-26 17:26:44,337 Epoch: 164, Train Loss: -0.507, Train Time: 88.12s
2024-04-26 17:28:13,165 Epoch: 165, Train Loss: -0.493, Train Time: 88.81s
2024-04-26 17:29:41,316 Epoch: 166, Train Loss: -0.506, Train Time: 88.13s
2024-04-26 17:31:09,284 Epoch: 167, Train Loss: -0.447, Train Time: 87.95s
2024-04-26 17:32:37,456 Epoch: 168, Train Loss: -0.500, Train Time: 88.15s
2024-04-26 17:34:06,559 Epoch: 169, Train Loss: -0.515, Train Time: 89.08s
2024-04-26 17:35:34,938 Epoch: 170, Train Loss: -0.507, Train Time: 88.36s
2024-04-26 17:37:03,506 Epoch: 171, Train Loss: -0.489, Train Time: 88.55s
2024-04-26 17:38:31,643 Epoch: 172, Train Loss: -0.495, Train Time: 88.12s
2024-04-26 17:40:00,531 Epoch: 173, Train Loss: -0.542, Train Time: 88.87s
2024-04-26 17:41:28,754 Epoch: 174, Train Loss: -0.625, Train Time: 88.20s
2024-04-26 17:42:57,085 Epoch: 175, Train Loss: -0.633, Train Time: 88.31s
2024-04-26 17:44:25,742 Epoch: 176, Train Loss: -0.620, Train Time: 88.64s
2024-04-26 17:45:53,887 Epoch: 177, Train Loss: -0.653, Train Time: 88.13s
2024-04-26 17:47:21,871 Epoch: 178, Train Loss: -0.665, Train Time: 87.96s
2024-04-26 17:48:49,859 Epoch: 179, Train Loss: -0.707, Train Time: 87.97s
2024-04-26 17:50:18,720 Epoch: 180, Train Loss: -0.704, Train Time: 88.84s
2024-04-26 17:51:47,020 Epoch: 181, Train Loss: -0.675, Train Time: 88.28s
2024-04-26 17:53:14,898 Epoch: 182, Train Loss: -0.685, Train Time: 87.86s
2024-04-26 17:54:43,138 Epoch: 183, Train Loss: -0.698, Train Time: 88.22s
2024-04-26 17:56:12,016 Epoch: 184, Train Loss: -0.751, Train Time: 88.86s
2024-04-26 17:57:40,353 Epoch: 185, Train Loss: -0.739, Train Time: 88.31s
2024-04-26 17:59:08,569 Epoch: 186, Train Loss: -0.717, Train Time: 88.20s
2024-04-26 18:00:38,083 Epoch: 187, Train Loss: -0.682, Train Time: 89.49s
2024-04-26 18:02:07,227 Epoch: 188, Train Loss: -0.647, Train Time: 89.12s
2024-04-26 18:03:35,976 Epoch: 189, Train Loss: -0.625, Train Time: 88.73s
2024-04-26 18:05:05,386 Epoch: 190, Train Loss: -0.591, Train Time: 89.39s
2024-04-26 18:06:33,912 Epoch: 191, Train Loss: -0.617, Train Time: 88.50s
2024-04-26 18:08:02,578 Epoch: 192, Train Loss: -0.602, Train Time: 88.64s
2024-04-26 18:09:31,161 Epoch: 193, Train Loss: -0.580, Train Time: 88.56s
2024-04-26 18:11:00,835 Epoch: 194, Train Loss: -0.595, Train Time: 89.65s
2024-04-26 18:12:29,632 Epoch: 195, Train Loss: -0.632, Train Time: 88.78s
2024-04-26 18:13:58,330 Epoch: 196, Train Loss: -0.569, Train Time: 88.68s
2024-04-26 18:15:27,728 Epoch: 197, Train Loss: -0.593, Train Time: 89.38s
2024-04-26 18:16:56,661 Epoch: 198, Train Loss: -0.610, Train Time: 88.91s
2024-04-26 18:18:25,433 Epoch: 199, Train Loss: -0.641, Train Time: 88.75s
2024-04-26 18:19:54,323 Epoch: 200, Train Loss: -0.646, Train Time: 88.87s
2024-04-26 18:21:23,634 Epoch: 201, Train Loss: -0.665, Train Time: 89.29s
2024-04-26 18:22:52,488 Epoch: 202, Train Loss: -0.640, Train Time: 88.83s
2024-04-26 18:24:21,351 Epoch: 203, Train Loss: -0.584, Train Time: 88.84s
2024-04-26 18:25:50,601 Epoch: 204, Train Loss: -0.575, Train Time: 89.23s
2024-04-26 18:27:19,054 Epoch: 205, Train Loss: -0.608, Train Time: 88.43s
2024-04-26 18:28:47,530 Epoch: 206, Train Loss: -0.598, Train Time: 88.45s
2024-04-26 18:30:16,813 Epoch: 207, Train Loss: -0.603, Train Time: 89.26s
2024-04-26 18:31:45,649 Epoch: 208, Train Loss: -0.616, Train Time: 88.81s
2024-04-26 18:33:14,397 Epoch: 209, Train Loss: -0.673, Train Time: 88.72s
2024-04-26 18:34:43,035 Epoch: 210, Train Loss: -0.677, Train Time: 88.62s
2024-04-26 18:36:12,693 Epoch: 211, Train Loss: -0.674, Train Time: 89.64s
2024-04-26 18:37:41,416 Epoch: 212, Train Loss: -0.665, Train Time: 88.70s
2024-04-26 18:39:09,878 Epoch: 213, Train Loss: -0.707, Train Time: 88.44s
2024-04-26 18:40:38,373 Epoch: 214, Train Loss: -0.741, Train Time: 88.47s
2024-04-26 18:42:07,669 Epoch: 215, Train Loss: -0.754, Train Time: 89.27s
2024-04-26 18:43:36,281 Epoch: 216, Train Loss: -0.763, Train Time: 88.59s
2024-04-26 18:45:05,036 Epoch: 217, Train Loss: -0.754, Train Time: 88.73s
2024-04-26 18:46:34,480 Epoch: 218, Train Loss: -0.757, Train Time: 89.42s
2024-04-26 18:48:03,123 Epoch: 219, Train Loss: -0.788, Train Time: 88.62s
2024-04-26 18:49:31,943 Epoch: 220, Train Loss: -0.771, Train Time: 88.80s
2024-04-26 18:51:01,480 Epoch: 221, Train Loss: -0.731, Train Time: 89.51s
2024-04-26 18:52:30,277 Epoch: 222, Train Loss: -0.698, Train Time: 88.78s
2024-04-26 18:53:58,979 Epoch: 223, Train Loss: -0.645, Train Time: 88.68s
2024-04-26 18:55:27,454 Epoch: 224, Train Loss: -0.553, Train Time: 88.45s
2024-04-26 18:56:56,649 Epoch: 225, Train Loss: -0.499, Train Time: 89.17s
2024-04-26 18:58:25,176 Epoch: 226, Train Loss: -0.539, Train Time: 88.50s
2024-04-26 18:59:53,761 Epoch: 227, Train Loss: -0.509, Train Time: 88.56s
2024-04-26 19:01:22,289 Epoch: 228, Train Loss: -0.552, Train Time: 88.51s
2024-04-26 19:02:51,567 Epoch: 229, Train Loss: -0.583, Train Time: 89.26s
2024-04-26 19:04:20,133 Epoch: 230, Train Loss: -0.641, Train Time: 88.54s
2024-04-26 19:05:48,708 Epoch: 231, Train Loss: -0.698, Train Time: 88.55s
2024-04-26 19:07:17,372 Epoch: 232, Train Loss: -0.692, Train Time: 88.64s
2024-04-26 19:08:46,822 Epoch: 233, Train Loss: -0.687, Train Time: 89.43s
2024-04-26 19:10:15,368 Epoch: 234, Train Loss: -0.662, Train Time: 88.52s
2024-04-26 19:11:44,132 Epoch: 235, Train Loss: -0.647, Train Time: 88.74s
2024-04-26 19:13:13,394 Epoch: 236, Train Loss: -0.632, Train Time: 89.24s
2024-04-26 19:14:41,813 Epoch: 237, Train Loss: -0.646, Train Time: 88.40s
2024-04-26 19:16:10,447 Epoch: 238, Train Loss: -0.672, Train Time: 88.61s
2024-04-26 19:17:39,097 Epoch: 239, Train Loss: -0.671, Train Time: 88.63s
2024-04-26 19:19:08,258 Epoch: 240, Train Loss: -0.662, Train Time: 89.14s
2024-04-26 19:20:36,914 Epoch: 241, Train Loss: -0.566, Train Time: 88.63s
2024-04-26 19:22:05,502 Epoch: 242, Train Loss: -0.569, Train Time: 88.57s
2024-04-26 19:23:33,996 Epoch: 243, Train Loss: -0.599, Train Time: 88.47s
2024-04-26 19:25:03,449 Epoch: 244, Train Loss: -0.606, Train Time: 89.43s
2024-04-26 19:26:32,154 Epoch: 245, Train Loss: -0.572, Train Time: 88.68s
2024-04-26 19:28:00,621 Epoch: 246, Train Loss: -0.500, Train Time: 88.44s
2024-04-26 19:29:29,709 Epoch: 247, Train Loss: -0.557, Train Time: 89.07s
2024-04-26 19:30:58,378 Epoch: 248, Train Loss: -0.564, Train Time: 88.65s
2024-04-26 19:32:26,851 Epoch: 249, Train Loss: -0.573, Train Time: 88.45s
2024-04-26 19:33:55,629 Epoch: 250, Train Loss: -0.643, Train Time: 88.76s
2024-04-26 19:35:25,075 Epoch: 251, Train Loss: -0.647, Train Time: 89.42s
2024-04-26 19:36:53,548 Epoch: 252, Train Loss: -0.690, Train Time: 88.45s
2024-04-26 19:38:22,203 Epoch: 253, Train Loss: -0.635, Train Time: 88.63s
2024-04-26 19:39:50,828 Epoch: 254, Train Loss: -0.705, Train Time: 88.60s
2024-04-26 19:41:20,265 Epoch: 255, Train Loss: -0.713, Train Time: 89.41s
2024-04-26 19:42:48,954 Epoch: 256, Train Loss: -0.730, Train Time: 88.67s
2024-04-26 19:44:17,363 Epoch: 257, Train Loss: -0.713, Train Time: 88.39s
2024-04-26 19:45:45,652 Epoch: 258, Train Loss: -0.645, Train Time: 88.27s
2024-04-26 19:47:14,740 Epoch: 259, Train Loss: -0.667, Train Time: 89.07s
2024-04-26 19:48:43,240 Epoch: 260, Train Loss: -0.685, Train Time: 88.48s
2024-04-26 19:50:11,564 Epoch: 261, Train Loss: -0.635, Train Time: 88.30s
2024-04-26 19:51:40,742 Epoch: 262, Train Loss: -0.679, Train Time: 89.16s
2024-04-26 19:53:09,111 Epoch: 263, Train Loss: -0.660, Train Time: 88.35s
2024-04-26 19:54:37,221 Epoch: 264, Train Loss: -0.635, Train Time: 88.09s
2024-04-26 19:56:06,476 Epoch: 265, Train Loss: -0.650, Train Time: 89.23s
2024-04-26 19:57:34,800 Epoch: 266, Train Loss: -0.715, Train Time: 88.30s
2024-04-26 19:59:03,193 Epoch: 267, Train Loss: -0.704, Train Time: 88.37s
2024-04-26 20:00:31,784 Epoch: 268, Train Loss: -0.711, Train Time: 88.57s
2024-04-26 20:02:00,628 Epoch: 269, Train Loss: -0.658, Train Time: 88.82s
2024-04-26 20:03:29,201 Epoch: 270, Train Loss: -0.572, Train Time: 88.55s
2024-04-26 20:04:58,124 Epoch: 271, Train Loss: -0.573, Train Time: 88.90s
2024-04-26 20:06:26,861 Epoch: 272, Train Loss: -0.533, Train Time: 88.72s
2024-04-26 20:07:55,108 Epoch: 273, Train Loss: -0.622, Train Time: 88.22s
2024-04-26 20:09:23,416 Epoch: 274, Train Loss: -0.638, Train Time: 88.29s
2024-04-26 20:10:52,518 Epoch: 275, Train Loss: -0.664, Train Time: 89.08s
2024-04-26 20:12:20,918 Epoch: 276, Train Loss: -0.666, Train Time: 88.38s
2024-04-26 20:13:48,873 Epoch: 277, Train Loss: -0.696, Train Time: 87.93s
2024-04-26 20:15:17,147 Epoch: 278, Train Loss: -0.631, Train Time: 88.25s
2024-04-26 20:16:46,231 Epoch: 279, Train Loss: -0.591, Train Time: 89.06s
2024-04-26 20:18:14,510 Epoch: 280, Train Loss: -0.648, Train Time: 88.26s
2024-04-26 20:19:42,688 Epoch: 281, Train Loss: -0.641, Train Time: 88.16s
2024-04-26 20:21:11,343 Epoch: 282, Train Loss: -0.642, Train Time: 88.63s
2024-04-26 20:22:39,747 Epoch: 283, Train Loss: -0.485, Train Time: 88.38s
2024-04-26 20:24:07,950 Epoch: 284, Train Loss: -0.469, Train Time: 88.18s
2024-04-26 20:25:36,251 Epoch: 285, Train Loss: -0.499, Train Time: 88.28s
2024-04-26 20:27:05,278 Epoch: 286, Train Loss: -0.503, Train Time: 88.99s
2024-04-26 20:28:33,395 Epoch: 287, Train Loss: -0.556, Train Time: 88.10s
2024-04-26 20:30:01,708 Epoch: 288, Train Loss: -0.513, Train Time: 88.29s
2024-04-26 20:31:30,189 Epoch: 289, Train Loss: -0.484, Train Time: 88.46s
2024-04-26 20:32:59,279 Epoch: 290, Train Loss: -0.514, Train Time: 89.07s
2024-04-26 20:34:27,798 Epoch: 291, Train Loss: -0.507, Train Time: 88.50s
2024-04-26 20:35:56,122 Epoch: 292, Train Loss: -0.557, Train Time: 88.30s
2024-04-26 20:37:25,537 Epoch: 293, Train Loss: -0.530, Train Time: 89.39s
2024-04-26 20:38:53,940 Epoch: 294, Train Loss: -0.580, Train Time: 88.38s
2024-04-26 20:40:22,190 Epoch: 295, Train Loss: -0.626, Train Time: 88.23s
2024-04-26 20:41:51,328 Epoch: 296, Train Loss: -0.649, Train Time: 89.12s
2024-04-26 20:43:19,827 Epoch: 297, Train Loss: -0.717, Train Time: 88.48s
2024-04-26 20:44:48,105 Epoch: 298, Train Loss: -0.763, Train Time: 88.26s
2024-04-26 20:46:16,415 Epoch: 299, Train Loss: -0.749, Train Time: 88.29s
2024-04-26 20:47:45,344 Epoch: 300, Train Loss: -0.732, Train Time: 88.91s
2024-04-26 20:49:13,578 Epoch: 301, Train Loss: -0.679, Train Time: 88.21s
2024-04-26 20:50:41,705 Epoch: 302, Train Loss: -0.635, Train Time: 88.11s
2024-04-26 20:52:10,940 Epoch: 303, Train Loss: -0.565, Train Time: 89.21s
2024-04-26 20:53:39,264 Epoch: 304, Train Loss: -0.600, Train Time: 88.30s
2024-04-26 20:55:07,516 Epoch: 305, Train Loss: -0.658, Train Time: 88.23s
2024-04-26 20:56:35,756 Epoch: 306, Train Loss: -0.682, Train Time: 88.22s
2024-04-26 20:58:04,690 Epoch: 307, Train Loss: -0.708, Train Time: 88.91s
2024-04-26 20:59:33,126 Epoch: 308, Train Loss: -0.709, Train Time: 88.42s
2024-04-26 21:01:01,269 Epoch: 309, Train Loss: -0.730, Train Time: 88.12s
2024-04-26 21:02:30,240 Epoch: 310, Train Loss: -0.672, Train Time: 88.95s
2024-04-26 21:03:58,693 Epoch: 311, Train Loss: -0.664, Train Time: 88.43s
2024-04-26 21:05:27,041 Epoch: 312, Train Loss: -0.687, Train Time: 88.33s
2024-04-26 21:06:56,051 Epoch: 313, Train Loss: -0.703, Train Time: 88.99s
2024-04-26 21:08:23,936 Epoch: 314, Train Loss: -0.742, Train Time: 87.86s
2024-04-26 21:09:52,005 Epoch: 315, Train Loss: -0.780, Train Time: 88.05s
2024-04-26 21:11:20,888 Epoch: 316, Train Loss: -0.722, Train Time: 88.86s
2024-04-26 21:12:49,011 Epoch: 317, Train Loss: -0.739, Train Time: 88.10s
2024-04-26 21:14:17,273 Epoch: 318, Train Loss: -0.713, Train Time: 88.24s
2024-04-26 21:15:45,553 Epoch: 319, Train Loss: -0.719, Train Time: 88.26s
2024-04-26 21:17:14,636 Epoch: 320, Train Loss: -0.709, Train Time: 89.06s
2024-04-26 21:18:42,926 Epoch: 321, Train Loss: -0.685, Train Time: 88.27s
2024-04-26 21:20:11,249 Epoch: 322, Train Loss: -0.614, Train Time: 88.30s
2024-04-26 21:21:40,270 Epoch: 323, Train Loss: -0.584, Train Time: 89.00s
2024-04-26 21:23:08,390 Epoch: 324, Train Loss: -0.641, Train Time: 88.10s
2024-04-26 21:24:36,779 Epoch: 325, Train Loss: -0.686, Train Time: 88.37s
2024-04-26 21:26:04,901 Epoch: 326, Train Loss: -0.659, Train Time: 88.10s
2024-04-26 21:27:34,196 Epoch: 327, Train Loss: -0.603, Train Time: 89.27s
2024-04-26 21:29:02,646 Epoch: 328, Train Loss: -0.478, Train Time: 88.43s
2024-04-26 21:30:30,890 Epoch: 329, Train Loss: -0.530, Train Time: 88.22s
2024-04-26 21:31:59,881 Epoch: 330, Train Loss: -0.569, Train Time: 88.97s
2024-04-26 21:33:28,372 Epoch: 331, Train Loss: -0.551, Train Time: 88.47s
2024-04-26 21:34:56,471 Epoch: 332, Train Loss: -0.550, Train Time: 88.08s
2024-04-26 21:36:24,740 Epoch: 333, Train Loss: -0.547, Train Time: 88.25s
2024-04-26 21:37:54,114 Epoch: 334, Train Loss: -0.598, Train Time: 89.35s
2024-04-26 21:39:22,221 Epoch: 335, Train Loss: -0.590, Train Time: 88.09s
2024-04-26 21:40:50,147 Epoch: 336, Train Loss: -0.594, Train Time: 87.91s
2024-04-26 21:42:18,435 Epoch: 337, Train Loss: -0.652, Train Time: 88.27s
2024-04-26 21:43:47,190 Epoch: 338, Train Loss: -0.632, Train Time: 88.73s
2024-04-26 21:45:15,024 Epoch: 339, Train Loss: -0.645, Train Time: 87.81s
2024-04-26 21:46:42,829 Epoch: 340, Train Loss: -0.656, Train Time: 87.78s
2024-04-26 21:48:11,562 Epoch: 341, Train Loss: -0.646, Train Time: 88.71s
2024-04-26 21:49:39,443 Epoch: 342, Train Loss: -0.652, Train Time: 87.86s
2024-04-26 21:51:07,377 Epoch: 343, Train Loss: -0.642, Train Time: 87.91s
2024-04-26 21:52:35,560 Epoch: 344, Train Loss: -0.696, Train Time: 88.16s
2024-04-26 21:54:04,240 Epoch: 345, Train Loss: -0.699, Train Time: 88.66s
2024-04-28 02:02:01,072 -------------
Starting training
2024-04-28 02:03:33,606 Epoch: 1, Train Loss: 111.179, Train Time: 92.53s
2024-04-28 02:05:04,259 Epoch: 2, Train Loss: 45.221, Train Time: 90.63s
2024-04-28 02:06:42,421 Epoch: 3, Train Loss: 26.769, Train Time: 98.14s
2024-04-28 02:08:16,752 Epoch: 4, Train Loss: 22.316, Train Time: 94.31s
2024-04-28 02:09:50,921 Epoch: 5, Train Loss: 19.920, Train Time: 94.15s
2024-04-28 02:11:24,324 Epoch: 6, Train Loss: 18.201, Train Time: 93.38s
2024-04-28 02:12:56,735 Epoch: 7, Train Loss: 16.661, Train Time: 92.39s
2024-04-28 02:14:28,543 Epoch: 8, Train Loss: 15.337, Train Time: 91.79s
2024-04-28 02:16:00,562 Epoch: 9, Train Loss: 13.961, Train Time: 92.00s
2024-04-28 02:17:33,105 Epoch: 10, Train Loss: 12.784, Train Time: 92.52s
2024-04-28 02:19:05,232 Epoch: 11, Train Loss: 11.969, Train Time: 92.11s
2024-04-28 02:20:39,748 Epoch: 12, Train Loss: 11.060, Train Time: 94.49s
2024-04-28 02:22:13,495 Epoch: 13, Train Loss: 10.287, Train Time: 93.72s
2024-04-28 02:23:45,427 Epoch: 14, Train Loss: 9.483, Train Time: 91.91s
2024-04-28 02:25:16,689 Epoch: 15, Train Loss: 8.708, Train Time: 91.24s
2024-04-28 02:26:49,193 Epoch: 16, Train Loss: 8.239, Train Time: 92.48s
2024-04-28 02:28:21,367 Epoch: 17, Train Loss: 7.779, Train Time: 92.15s
2024-04-28 02:29:52,868 Epoch: 18, Train Loss: 7.309, Train Time: 91.48s
2024-04-28 02:31:24,391 Epoch: 19, Train Loss: 6.905, Train Time: 91.50s
2024-04-28 02:32:56,609 Epoch: 20, Train Loss: 6.540, Train Time: 92.20s
2024-04-28 02:34:28,103 Epoch: 21, Train Loss: 6.051, Train Time: 91.47s
2024-04-28 02:35:59,835 Epoch: 22, Train Loss: 5.752, Train Time: 91.71s
2024-04-28 02:37:30,503 Epoch: 23, Train Loss: 5.446, Train Time: 90.65s
2024-04-28 02:39:02,537 Epoch: 24, Train Loss: 5.140, Train Time: 92.01s
2024-04-28 02:40:33,199 Epoch: 25, Train Loss: 4.791, Train Time: 90.64s
2024-04-28 02:42:03,676 Epoch: 26, Train Loss: 4.520, Train Time: 90.45s
2024-04-28 02:43:34,603 Epoch: 27, Train Loss: 4.296, Train Time: 90.91s
2024-04-28 02:45:05,100 Epoch: 28, Train Loss: 4.090, Train Time: 90.47s
2024-04-28 02:46:37,777 Epoch: 29, Train Loss: 3.967, Train Time: 92.66s
2024-04-28 02:48:09,353 Epoch: 30, Train Loss: 3.728, Train Time: 91.55s
2024-04-28 02:49:39,999 Epoch: 31, Train Loss: 3.626, Train Time: 90.62s
2024-04-28 02:51:10,788 Epoch: 32, Train Loss: 3.290, Train Time: 90.77s
2024-04-28 02:52:41,296 Epoch: 33, Train Loss: 3.075, Train Time: 90.49s
2024-04-28 02:54:12,484 Epoch: 34, Train Loss: 2.950, Train Time: 91.17s
2024-04-28 02:55:43,088 Epoch: 35, Train Loss: 2.766, Train Time: 90.58s
2024-04-28 02:57:13,366 Epoch: 36, Train Loss: 2.598, Train Time: 90.26s
2024-04-28 02:58:44,226 Epoch: 37, Train Loss: 2.415, Train Time: 90.84s
2024-04-28 03:00:14,805 Epoch: 38, Train Loss: 2.279, Train Time: 90.56s
2024-04-28 03:01:45,093 Epoch: 39, Train Loss: 2.180, Train Time: 90.27s
2024-04-28 03:03:15,404 Epoch: 40, Train Loss: 2.107, Train Time: 90.29s
2024-04-28 03:04:46,617 Epoch: 41, Train Loss: 2.016, Train Time: 91.19s
2024-04-28 03:06:17,317 Epoch: 42, Train Loss: 1.916, Train Time: 90.68s
2024-04-28 03:07:47,641 Epoch: 43, Train Loss: 1.845, Train Time: 90.30s
2024-04-28 03:09:18,344 Epoch: 44, Train Loss: 1.695, Train Time: 90.68s
2024-04-28 03:10:49,574 Epoch: 45, Train Loss: 1.487, Train Time: 91.21s
2024-04-28 03:12:20,212 Epoch: 46, Train Loss: 1.441, Train Time: 90.62s
2024-04-28 03:13:50,769 Epoch: 47, Train Loss: 1.475, Train Time: 90.54s
2024-04-28 03:15:21,127 Epoch: 48, Train Loss: 1.329, Train Time: 90.34s
2024-04-28 03:16:52,366 Epoch: 49, Train Loss: 1.224, Train Time: 91.22s
2024-04-28 03:18:22,814 Epoch: 50, Train Loss: 1.137, Train Time: 90.43s
2024-04-28 03:19:53,238 Epoch: 51, Train Loss: 0.941, Train Time: 90.40s
2024-04-28 03:21:24,475 Epoch: 52, Train Loss: 0.869, Train Time: 91.22s
2024-04-28 03:22:54,534 Epoch: 53, Train Loss: 0.863, Train Time: 90.04s
2024-04-28 03:24:25,013 Epoch: 54, Train Loss: 0.870, Train Time: 90.46s
2024-04-28 03:25:55,227 Epoch: 55, Train Loss: 0.759, Train Time: 90.19s
2024-04-28 03:27:26,450 Epoch: 56, Train Loss: 0.691, Train Time: 91.20s
2024-04-28 03:28:57,132 Epoch: 57, Train Loss: 0.645, Train Time: 90.66s
2024-04-28 03:30:28,268 Epoch: 58, Train Loss: 0.624, Train Time: 91.11s
2024-04-28 03:31:59,057 Epoch: 59, Train Loss: 0.605, Train Time: 90.77s
2024-04-28 03:33:29,322 Epoch: 60, Train Loss: 0.583, Train Time: 90.24s
2024-04-28 03:34:59,699 Epoch: 61, Train Loss: 0.571, Train Time: 90.36s
2024-04-28 03:36:30,113 Epoch: 62, Train Loss: 0.493, Train Time: 90.39s
2024-04-28 03:38:00,978 Epoch: 63, Train Loss: 0.484, Train Time: 90.84s
2024-04-28 03:39:31,269 Epoch: 64, Train Loss: 0.434, Train Time: 90.27s
2024-04-28 03:41:01,397 Epoch: 65, Train Loss: 0.395, Train Time: 90.11s
2024-04-28 03:42:32,098 Epoch: 66, Train Loss: 0.307, Train Time: 90.68s
2024-04-28 03:44:02,609 Epoch: 67, Train Loss: 0.303, Train Time: 90.49s
2024-04-28 03:45:33,061 Epoch: 68, Train Loss: 0.254, Train Time: 90.43s
2024-04-28 03:47:03,557 Epoch: 69, Train Loss: 0.260, Train Time: 90.47s
2024-04-28 03:48:34,823 Epoch: 70, Train Loss: 0.195, Train Time: 91.24s
2024-04-28 03:50:05,199 Epoch: 71, Train Loss: 0.122, Train Time: 90.36s
2024-04-28 03:51:35,263 Epoch: 72, Train Loss: 0.062, Train Time: 90.04s
2024-04-28 03:53:05,412 Epoch: 73, Train Loss: 0.053, Train Time: 90.13s
2024-04-28 03:54:36,483 Epoch: 74, Train Loss: 0.030, Train Time: 91.05s
2024-04-28 03:56:06,905 Epoch: 75, Train Loss: 0.045, Train Time: 90.40s
2024-04-28 03:57:37,317 Epoch: 76, Train Loss: 0.003, Train Time: 90.39s
2024-04-28 03:59:08,504 Epoch: 77, Train Loss: -0.017, Train Time: 91.16s
2024-04-28 04:00:38,703 Epoch: 78, Train Loss: -0.117, Train Time: 90.18s
2024-04-28 04:02:08,875 Epoch: 79, Train Loss: -0.090, Train Time: 90.15s
2024-04-28 04:03:40,206 Epoch: 80, Train Loss: -0.020, Train Time: 91.31s
2024-04-28 04:05:10,631 Epoch: 81, Train Loss: -0.091, Train Time: 90.40s
2024-04-28 04:06:41,226 Epoch: 82, Train Loss: -0.083, Train Time: 90.57s
2024-04-28 04:08:12,180 Epoch: 83, Train Loss: -0.085, Train Time: 90.93s
2024-04-28 04:09:42,761 Epoch: 84, Train Loss: -0.126, Train Time: 90.56s
2024-04-28 04:11:13,244 Epoch: 85, Train Loss: -0.217, Train Time: 90.46s
2024-04-28 04:12:43,954 Epoch: 86, Train Loss: -0.252, Train Time: 90.69s
2024-04-28 04:14:14,952 Epoch: 87, Train Loss: -0.203, Train Time: 90.98s
2024-04-28 04:15:45,251 Epoch: 88, Train Loss: -0.215, Train Time: 90.28s
2024-04-28 04:17:15,881 Epoch: 89, Train Loss: -0.221, Train Time: 90.61s
2024-04-28 04:18:46,983 Epoch: 90, Train Loss: -0.242, Train Time: 91.08s
2024-04-28 04:20:17,402 Epoch: 91, Train Loss: -0.224, Train Time: 90.40s
2024-04-28 04:21:47,420 Epoch: 92, Train Loss: -0.220, Train Time: 89.99s
2024-04-28 04:23:16,611 Epoch: 93, Train Loss: -0.199, Train Time: 89.17s
2024-04-28 04:24:46,556 Epoch: 94, Train Loss: -0.277, Train Time: 89.92s
2024-04-28 04:26:15,894 Epoch: 95, Train Loss: -0.310, Train Time: 89.32s
2024-04-28 04:27:45,138 Epoch: 96, Train Loss: -0.364, Train Time: 89.22s
2024-04-28 04:29:15,121 Epoch: 97, Train Loss: -0.341, Train Time: 89.96s
2024-04-28 04:30:44,767 Epoch: 98, Train Loss: -0.353, Train Time: 89.63s
2024-04-28 04:32:37,646 Epoch: 99, Train Loss: -0.358, Train Time: 112.86s
2024-04-28 04:34:10,674 Epoch: 100, Train Loss: -0.424, Train Time: 93.00s
2024-04-28 04:35:42,061 Epoch: 101, Train Loss: -0.326, Train Time: 91.37s
2024-04-28 04:37:12,650 Epoch: 102, Train Loss: -0.432, Train Time: 90.57s
2024-04-28 04:38:43,478 Epoch: 103, Train Loss: -0.460, Train Time: 90.81s
2024-04-28 04:40:14,781 Epoch: 104, Train Loss: -0.448, Train Time: 91.28s
2024-04-28 04:41:46,310 Epoch: 105, Train Loss: -0.440, Train Time: 91.51s
2024-04-28 04:43:17,656 Epoch: 106, Train Loss: -0.445, Train Time: 91.32s
2024-04-28 04:44:49,272 Epoch: 107, Train Loss: -0.421, Train Time: 91.59s
2024-04-28 04:46:24,156 Epoch: 108, Train Loss: -0.437, Train Time: 94.86s
2024-05-04 13:10:41,322 -------------
Starting training
2024-05-04 13:11:40,803 -------------
Starting training
2024-05-04 13:13:00,316 -------------
Starting training
2024-05-04 13:21:33,676 Epoch: 1, Train Loss: 71.735, Train Time: 513.36s
2024-05-04 13:30:12,797 Epoch: 2, Train Loss: 22.467, Train Time: 519.10s
2024-05-04 13:39:11,914 Epoch: 3, Train Loss: 16.230, Train Time: 539.08s
2024-05-04 13:48:39,119 Epoch: 4, Train Loss: 12.766, Train Time: 567.17s
2024-05-04 13:58:09,364 Epoch: 5, Train Loss: 10.660, Train Time: 570.21s
2024-05-04 14:07:50,011 Epoch: 6, Train Loss: 9.123, Train Time: 580.60s
2024-05-04 14:17:37,587 Epoch: 7, Train Loss: 7.995, Train Time: 587.53s
2024-05-04 14:27:30,761 Epoch: 8, Train Loss: 7.146, Train Time: 593.12s
2024-05-04 14:37:31,241 Epoch: 9, Train Loss: 6.368, Train Time: 600.43s
2024-05-04 14:47:34,632 Epoch: 10, Train Loss: 5.856, Train Time: 603.34s
2024-05-04 14:57:31,369 Epoch: 11, Train Loss: 5.296, Train Time: 596.69s
2024-05-04 15:07:29,004 Epoch: 12, Train Loss: 4.929, Train Time: 597.58s
2024-05-04 15:17:33,131 Epoch: 13, Train Loss: 4.495, Train Time: 604.07s
2024-05-04 15:27:50,166 Epoch: 14, Train Loss: 4.155, Train Time: 616.98s
2024-05-04 15:38:07,571 Epoch: 15, Train Loss: 3.837, Train Time: 617.35s
2024-05-04 15:48:14,331 Epoch: 16, Train Loss: 3.609, Train Time: 606.71s
2024-05-04 15:58:27,689 Epoch: 17, Train Loss: 3.335, Train Time: 613.30s
2024-05-04 16:08:53,564 Epoch: 18, Train Loss: 3.124, Train Time: 625.82s
2024-05-04 16:19:23,779 Epoch: 19, Train Loss: 2.934, Train Time: 630.16s
2024-05-04 16:29:39,664 Epoch: 20, Train Loss: 2.788, Train Time: 615.83s
2024-05-04 16:39:53,858 Epoch: 21, Train Loss: 2.604, Train Time: 614.14s
2024-05-04 16:50:23,440 Epoch: 22, Train Loss: 2.438, Train Time: 629.52s
2024-05-04 17:00:57,143 Epoch: 23, Train Loss: 2.273, Train Time: 633.64s
2024-05-04 17:11:23,355 Epoch: 24, Train Loss: 2.183, Train Time: 626.15s
2024-05-04 17:21:50,714 Epoch: 25, Train Loss: 2.041, Train Time: 627.30s
2024-05-04 17:32:29,460 Epoch: 26, Train Loss: 1.914, Train Time: 638.68s
2024-05-04 17:43:09,779 Epoch: 27, Train Loss: 1.889, Train Time: 640.26s
2024-05-04 17:53:43,436 Epoch: 28, Train Loss: 1.714, Train Time: 633.60s
2024-05-04 18:04:19,051 Epoch: 29, Train Loss: 1.623, Train Time: 635.55s
2024-05-04 18:14:59,559 Epoch: 30, Train Loss: 1.563, Train Time: 640.45s
2024-05-04 18:25:49,021 Epoch: 31, Train Loss: 1.510, Train Time: 649.40s
2024-05-04 18:36:31,359 Epoch: 32, Train Loss: 1.457, Train Time: 642.27s
2024-05-04 18:47:16,356 Epoch: 33, Train Loss: 1.342, Train Time: 644.92s
2024-05-04 18:58:06,244 Epoch: 34, Train Loss: 1.323, Train Time: 649.82s
2024-05-04 19:08:57,316 Epoch: 35, Train Loss: 1.259, Train Time: 651.01s
2024-05-04 19:19:45,112 Epoch: 36, Train Loss: 1.216, Train Time: 647.73s
2024-05-04 19:30:33,548 Epoch: 37, Train Loss: 1.229, Train Time: 648.37s
2024-05-04 19:41:28,441 Epoch: 38, Train Loss: 1.130, Train Time: 654.82s
2024-05-04 19:52:22,062 Epoch: 39, Train Loss: 1.039, Train Time: 653.55s
2024-05-04 20:03:09,383 Epoch: 40, Train Loss: 1.084, Train Time: 647.24s
2024-05-04 20:13:58,711 Epoch: 41, Train Loss: 1.010, Train Time: 649.26s
2024-05-04 20:24:52,179 Epoch: 42, Train Loss: 0.948, Train Time: 653.40s
2024-05-04 20:35:46,472 Epoch: 43, Train Loss: 0.921, Train Time: 654.22s
2024-05-04 20:46:37,142 Epoch: 44, Train Loss: 0.931, Train Time: 650.60s
2024-05-04 20:57:28,813 Epoch: 45, Train Loss: 0.857, Train Time: 651.60s
2024-05-04 21:08:27,294 Epoch: 46, Train Loss: 0.815, Train Time: 658.41s
2024-05-04 21:19:27,502 Epoch: 47, Train Loss: 0.786, Train Time: 660.14s
2024-05-04 21:30:23,812 Epoch: 48, Train Loss: 0.792, Train Time: 656.24s
2024-05-04 21:41:25,195 Epoch: 49, Train Loss: 0.773, Train Time: 661.31s
2024-05-04 21:52:28,233 Epoch: 50, Train Loss: 0.712, Train Time: 662.97s
2024-05-04 22:03:30,607 Epoch: 51, Train Loss: 0.744, Train Time: 662.30s
2024-05-04 22:14:35,463 Epoch: 52, Train Loss: 0.717, Train Time: 664.78s
2024-05-04 22:25:37,492 Epoch: 53, Train Loss: 0.702, Train Time: 661.96s
2024-05-04 22:36:38,178 Epoch: 54, Train Loss: 0.699, Train Time: 660.61s
2024-05-04 22:47:42,746 Epoch: 55, Train Loss: 0.649, Train Time: 664.49s
2024-05-04 22:58:51,165 Epoch: 56, Train Loss: 0.641, Train Time: 668.34s
2024-05-04 23:09:54,784 Epoch: 57, Train Loss: 0.566, Train Time: 663.54s
2024-05-04 23:21:05,607 Epoch: 58, Train Loss: 0.621, Train Time: 670.75s
2024-05-04 23:32:13,179 Epoch: 59, Train Loss: 0.577, Train Time: 667.50s
2024-05-04 23:43:16,386 Epoch: 60, Train Loss: 0.555, Train Time: 663.13s
2024-05-04 23:54:27,209 Epoch: 61, Train Loss: 0.522, Train Time: 670.75s
2024-05-05 00:05:39,079 Epoch: 62, Train Loss: 0.522, Train Time: 671.79s
2024-05-05 00:16:50,009 Epoch: 63, Train Loss: 0.549, Train Time: 670.85s
2024-05-05 00:28:08,887 Epoch: 64, Train Loss: 0.545, Train Time: 678.80s
2024-05-05 00:39:24,548 Epoch: 65, Train Loss: 0.506, Train Time: 675.58s
2024-05-05 00:50:42,221 Epoch: 66, Train Loss: 0.521, Train Time: 677.59s
2024-05-05 01:01:57,731 Epoch: 67, Train Loss: 0.482, Train Time: 675.43s
2024-05-05 01:13:12,455 Epoch: 68, Train Loss: 0.464, Train Time: 674.65s
2024-05-05 01:24:26,750 Epoch: 69, Train Loss: 0.504, Train Time: 674.22s
2024-05-05 01:35:44,448 Epoch: 70, Train Loss: 0.477, Train Time: 677.62s
2024-05-05 01:46:57,718 Epoch: 71, Train Loss: 0.480, Train Time: 673.19s
2024-05-05 01:58:10,871 Epoch: 72, Train Loss: 0.465, Train Time: 673.07s
2024-05-05 02:09:23,500 Epoch: 73, Train Loss: 0.452, Train Time: 672.54s
2024-05-05 02:20:42,607 Epoch: 74, Train Loss: 0.392, Train Time: 679.03s
2024-05-05 02:32:03,092 Epoch: 75, Train Loss: 0.402, Train Time: 680.40s
2024-05-05 02:43:21,847 Epoch: 76, Train Loss: 0.446, Train Time: 678.67s
2024-05-05 02:54:42,822 Epoch: 77, Train Loss: 0.390, Train Time: 680.89s
2024-05-05 03:06:05,658 Epoch: 78, Train Loss: 0.436, Train Time: 682.75s
2024-05-05 03:17:25,175 Epoch: 79, Train Loss: 0.410, Train Time: 679.43s
2024-05-05 03:28:46,487 Epoch: 80, Train Loss: 0.372, Train Time: 681.23s
2024-05-05 03:40:05,442 Epoch: 81, Train Loss: 0.368, Train Time: 678.88s
2024-05-05 03:51:30,921 Epoch: 82, Train Loss: 0.366, Train Time: 685.40s
2024-05-05 04:02:55,381 Epoch: 83, Train Loss: 0.334, Train Time: 684.38s
2024-05-05 04:14:21,653 Epoch: 84, Train Loss: 0.357, Train Time: 686.18s
2024-05-05 04:25:49,694 Epoch: 85, Train Loss: 0.330, Train Time: 687.96s
2024-05-05 04:37:18,561 Epoch: 86, Train Loss: 0.340, Train Time: 688.78s
2024-05-05 04:48:45,996 Epoch: 87, Train Loss: 0.349, Train Time: 687.35s
2024-05-05 05:00:13,179 Epoch: 88, Train Loss: 0.383, Train Time: 687.10s
2024-05-05 05:11:36,307 Epoch: 89, Train Loss: 0.378, Train Time: 683.04s
2024-05-05 05:23:04,206 Epoch: 90, Train Loss: 0.337, Train Time: 687.81s
2024-05-05 05:34:31,110 Epoch: 91, Train Loss: 0.288, Train Time: 686.82s
2024-05-05 05:46:01,175 Epoch: 92, Train Loss: 0.315, Train Time: 689.97s
2024-05-05 05:57:30,401 Epoch: 93, Train Loss: 0.338, Train Time: 689.14s
2024-05-05 06:09:04,767 Epoch: 94, Train Loss: 0.278, Train Time: 694.28s
2024-05-05 06:20:34,541 Epoch: 95, Train Loss: 0.301, Train Time: 689.68s
2024-05-05 06:32:06,420 Epoch: 96, Train Loss: 0.299, Train Time: 691.79s
2024-05-05 06:43:37,177 Epoch: 97, Train Loss: 0.269, Train Time: 690.67s
2024-05-05 06:55:10,389 Epoch: 98, Train Loss: 0.318, Train Time: 693.12s
2024-05-05 07:06:40,205 Epoch: 99, Train Loss: 0.300, Train Time: 689.73s
2024-05-05 07:18:07,034 Epoch: 100, Train Loss: 0.309, Train Time: 686.74s
2024-05-05 07:29:35,190 Epoch: 101, Train Loss: 0.274, Train Time: 688.06s
2024-05-05 07:41:07,247 Epoch: 102, Train Loss: 0.308, Train Time: 691.97s
2024-05-05 07:52:39,057 Epoch: 103, Train Loss: 0.286, Train Time: 691.72s
2024-05-05 08:04:08,106 Epoch: 104, Train Loss: 0.270, Train Time: 688.95s
2024-05-05 08:15:41,244 Epoch: 105, Train Loss: 0.248, Train Time: 693.05s
2024-05-05 08:27:09,885 Epoch: 106, Train Loss: 0.271, Train Time: 688.55s
2024-05-05 08:38:40,157 Epoch: 107, Train Loss: 0.270, Train Time: 690.18s
2024-05-05 08:50:16,290 Epoch: 108, Train Loss: 0.271, Train Time: 696.04s
2024-05-05 09:01:53,301 Epoch: 109, Train Loss: 0.201, Train Time: 696.91s
2024-05-05 09:13:28,614 Epoch: 110, Train Loss: 0.210, Train Time: 695.22s
2024-05-05 09:25:06,974 Epoch: 111, Train Loss: 0.255, Train Time: 698.27s
2024-05-05 09:36:41,234 Epoch: 112, Train Loss: 0.285, Train Time: 694.17s
2024-05-05 09:48:13,620 Epoch: 113, Train Loss: 0.304, Train Time: 692.29s
2024-05-05 09:59:45,906 Epoch: 114, Train Loss: 0.274, Train Time: 692.20s
2024-05-05 10:11:19,903 Epoch: 115, Train Loss: 0.247, Train Time: 693.90s
2024-05-05 10:22:54,469 Epoch: 116, Train Loss: 0.225, Train Time: 694.47s
2024-05-05 10:34:31,109 Epoch: 117, Train Loss: 0.276, Train Time: 696.54s
2024-05-05 10:46:09,156 Epoch: 118, Train Loss: 0.269, Train Time: 697.95s
2024-05-05 10:57:47,449 Epoch: 119, Train Loss: 0.305, Train Time: 698.20s
2024-05-05 11:09:24,845 Epoch: 120, Train Loss: 0.261, Train Time: 697.30s
2024-05-05 11:21:04,693 Epoch: 121, Train Loss: 0.263, Train Time: 699.75s
2024-05-05 11:32:43,162 Epoch: 122, Train Loss: 0.178, Train Time: 698.37s
2024-05-05 11:44:20,842 Epoch: 123, Train Loss: 0.243, Train Time: 697.58s
2024-05-05 11:56:04,626 Epoch: 124, Train Loss: 0.283, Train Time: 703.69s
2024-05-05 12:07:51,587 Epoch: 125, Train Loss: 0.226, Train Time: 706.86s
2024-05-05 12:19:32,145 Epoch: 126, Train Loss: 0.225, Train Time: 700.45s
2024-05-05 12:31:12,097 Epoch: 127, Train Loss: 0.267, Train Time: 699.85s
2024-05-05 12:42:52,717 Epoch: 128, Train Loss: 0.205, Train Time: 700.52s
2024-05-05 12:54:33,701 Epoch: 129, Train Loss: 0.238, Train Time: 700.89s
2024-05-05 13:06:33,597 Epoch: 130, Train Loss: 0.213, Train Time: 719.80s
2024-05-05 13:18:17,387 Epoch: 131, Train Loss: 0.205, Train Time: 703.69s
2024-05-05 13:30:00,851 Epoch: 132, Train Loss: 0.245, Train Time: 703.37s
2024-05-05 13:41:58,164 Epoch: 133, Train Loss: 0.274, Train Time: 717.21s
2024-05-05 13:53:40,510 Epoch: 134, Train Loss: 0.260, Train Time: 702.25s
2024-05-05 14:05:20,803 Epoch: 135, Train Loss: 0.266, Train Time: 700.19s
2024-05-05 14:17:04,017 Epoch: 136, Train Loss: 0.202, Train Time: 703.12s
2024-05-05 14:28:45,608 Epoch: 137, Train Loss: 0.208, Train Time: 701.50s
2024-05-05 14:40:27,866 Epoch: 138, Train Loss: 0.210, Train Time: 702.16s
2024-05-05 14:52:12,093 Epoch: 139, Train Loss: 0.166, Train Time: 704.13s
2024-05-05 15:03:58,763 Epoch: 140, Train Loss: 0.194, Train Time: 706.57s
2024-05-05 15:15:43,265 Epoch: 141, Train Loss: 0.191, Train Time: 704.40s
2024-05-05 15:27:28,573 Epoch: 142, Train Loss: 0.201, Train Time: 705.21s
2024-05-05 15:39:14,079 Epoch: 143, Train Loss: 0.234, Train Time: 705.41s
2024-05-05 15:51:12,392 Epoch: 144, Train Loss: 0.187, Train Time: 718.21s
2024-05-05 16:03:09,692 Epoch: 145, Train Loss: 0.256, Train Time: 717.20s
2024-05-05 16:14:57,544 Epoch: 146, Train Loss: 0.229, Train Time: 707.75s
2024-05-05 16:26:43,501 Epoch: 147, Train Loss: 0.213, Train Time: 705.86s
2024-05-05 16:38:29,517 Epoch: 148, Train Loss: 0.212, Train Time: 705.92s
2024-05-05 16:50:29,125 Epoch: 149, Train Loss: 0.191, Train Time: 719.51s
2024-05-05 17:02:28,594 Epoch: 150, Train Loss: 0.211, Train Time: 719.37s
2024-05-05 17:14:14,923 Epoch: 151, Train Loss: 0.171, Train Time: 706.23s
2024-05-05 17:26:01,905 Epoch: 152, Train Loss: 0.220, Train Time: 706.88s
2024-05-05 17:37:57,414 Epoch: 153, Train Loss: 0.174, Train Time: 715.41s
2024-05-05 17:49:55,155 Epoch: 154, Train Loss: 0.221, Train Time: 717.64s
2024-05-05 18:01:41,670 Epoch: 155, Train Loss: 0.235, Train Time: 706.42s
2024-05-05 18:13:38,106 Epoch: 156, Train Loss: 0.249, Train Time: 716.34s
2024-05-05 18:25:32,407 Epoch: 157, Train Loss: 0.225, Train Time: 714.20s
2024-05-05 18:37:21,603 Epoch: 158, Train Loss: 0.249, Train Time: 709.09s
2024-05-05 18:49:18,171 Epoch: 159, Train Loss: 0.283, Train Time: 716.47s
2024-05-05 19:01:08,585 Epoch: 160, Train Loss: 0.210, Train Time: 710.32s
2024-05-05 19:13:04,374 Epoch: 161, Train Loss: 0.299, Train Time: 715.69s
2024-05-05 19:25:03,846 Epoch: 162, Train Loss: 0.250, Train Time: 719.38s
2024-05-05 19:36:53,543 Epoch: 163, Train Loss: 0.196, Train Time: 709.60s
2024-05-05 19:48:50,290 Epoch: 164, Train Loss: 0.204, Train Time: 716.65s
2024-05-05 20:00:46,769 Epoch: 165, Train Loss: 0.265, Train Time: 716.38s
2024-05-05 20:12:36,515 Epoch: 166, Train Loss: 0.241, Train Time: 709.65s
2024-05-05 20:24:24,219 Epoch: 167, Train Loss: 0.207, Train Time: 707.60s
2024-05-05 20:36:23,209 Epoch: 168, Train Loss: 0.271, Train Time: 718.89s
2024-05-05 20:48:09,950 Epoch: 169, Train Loss: 0.204, Train Time: 706.64s
2024-05-05 21:00:07,666 Epoch: 170, Train Loss: 0.201, Train Time: 717.62s
2024-05-05 21:12:09,538 Epoch: 171, Train Loss: 0.216, Train Time: 721.77s
2024-05-05 21:24:05,548 Epoch: 172, Train Loss: 0.199, Train Time: 715.91s
2024-05-05 21:36:01,999 Epoch: 173, Train Loss: 0.224, Train Time: 716.34s
2024-05-05 21:47:58,603 Epoch: 174, Train Loss: 0.232, Train Time: 716.50s
2024-05-05 21:59:47,732 Epoch: 175, Train Loss: 0.236, Train Time: 709.03s
2024-05-05 22:11:46,451 Epoch: 176, Train Loss: 0.250, Train Time: 718.62s
2024-05-05 22:23:50,615 Epoch: 177, Train Loss: 0.267, Train Time: 724.06s
2024-05-05 22:35:43,267 Epoch: 178, Train Loss: 0.266, Train Time: 712.55s
2024-05-05 22:47:52,874 Epoch: 179, Train Loss: 0.282, Train Time: 729.50s
2024-05-05 23:00:01,766 Epoch: 180, Train Loss: 0.253, Train Time: 728.79s
2024-05-05 23:11:58,704 Epoch: 181, Train Loss: 0.226, Train Time: 716.84s
2024-05-05 23:23:52,127 Epoch: 182, Train Loss: 0.375, Train Time: 713.32s
2024-05-05 23:35:54,447 Epoch: 183, Train Loss: 0.260, Train Time: 722.21s
2024-05-05 23:47:54,805 Epoch: 184, Train Loss: 0.261, Train Time: 720.26s
2024-05-05 23:59:59,740 Epoch: 185, Train Loss: 0.247, Train Time: 724.83s
2024-05-06 00:11:53,718 Epoch: 186, Train Loss: 0.277, Train Time: 713.88s
2024-05-06 00:23:51,819 Epoch: 187, Train Loss: 0.265, Train Time: 718.00s
2024-05-06 00:35:43,323 Epoch: 188, Train Loss: 0.266, Train Time: 711.40s
2024-05-06 00:47:46,981 Epoch: 189, Train Loss: 0.258, Train Time: 723.55s
2024-05-06 00:59:54,454 Epoch: 190, Train Loss: 0.223, Train Time: 727.38s
2024-05-06 01:12:00,670 Epoch: 191, Train Loss: 0.337, Train Time: 726.11s
2024-05-06 01:24:04,121 Epoch: 192, Train Loss: 0.262, Train Time: 723.34s
2024-05-06 01:36:09,013 Epoch: 193, Train Loss: 0.281, Train Time: 724.79s
2024-05-06 01:48:03,852 Epoch: 194, Train Loss: 0.279, Train Time: 714.74s
2024-05-06 02:00:14,684 Epoch: 195, Train Loss: 0.283, Train Time: 730.73s
2024-05-06 02:12:19,660 Epoch: 196, Train Loss: 0.240, Train Time: 724.87s
2024-05-06 02:24:30,193 Epoch: 197, Train Loss: 0.251, Train Time: 730.43s
2024-05-06 02:36:22,978 Epoch: 198, Train Loss: 0.317, Train Time: 712.68s
2024-05-06 02:48:12,270 Epoch: 199, Train Loss: 0.266, Train Time: 709.19s
2024-05-06 03:00:17,360 Epoch: 200, Train Loss: 0.227, Train Time: 724.99s
2024-05-06 03:12:15,806 Epoch: 201, Train Loss: 0.288, Train Time: 718.34s
2024-05-06 03:24:19,169 Epoch: 202, Train Loss: 0.300, Train Time: 723.26s
2024-05-06 03:36:10,786 Epoch: 203, Train Loss: 0.273, Train Time: 711.51s
2024-05-06 03:48:10,997 Epoch: 204, Train Loss: 0.274, Train Time: 720.11s
2024-05-06 04:00:01,743 Epoch: 205, Train Loss: 0.271, Train Time: 710.65s
2024-05-06 04:12:09,833 Epoch: 206, Train Loss: 0.301, Train Time: 727.99s
2024-05-06 04:24:10,418 Epoch: 207, Train Loss: 0.253, Train Time: 720.48s
2024-05-06 04:36:14,062 Epoch: 208, Train Loss: 0.286, Train Time: 723.54s
2024-05-06 04:48:21,116 Epoch: 209, Train Loss: 0.265, Train Time: 726.93s
2024-05-06 05:00:26,076 Epoch: 210, Train Loss: 0.288, Train Time: 724.86s
2024-05-06 05:12:30,735 Epoch: 211, Train Loss: 0.252, Train Time: 724.56s
2024-05-06 05:24:37,668 Epoch: 212, Train Loss: 0.264, Train Time: 726.83s
2024-05-06 05:36:44,746 Epoch: 213, Train Loss: 0.309, Train Time: 726.98s
2024-05-06 05:48:53,966 Epoch: 214, Train Loss: 0.289, Train Time: 729.12s
2024-05-06 06:00:58,863 Epoch: 215, Train Loss: 0.308, Train Time: 724.79s
2024-05-06 06:13:04,244 Epoch: 216, Train Loss: 0.295, Train Time: 725.28s
2024-05-06 06:25:06,586 Epoch: 217, Train Loss: 0.285, Train Time: 722.24s
2024-05-06 06:37:13,424 Epoch: 218, Train Loss: 0.271, Train Time: 726.73s
2024-05-06 06:49:21,116 Epoch: 219, Train Loss: 0.275, Train Time: 727.59s
2024-05-06 07:01:29,818 Epoch: 220, Train Loss: 0.294, Train Time: 728.60s
2024-05-06 07:13:36,033 Epoch: 221, Train Loss: 0.398, Train Time: 726.11s
2024-05-06 07:25:45,164 Epoch: 222, Train Loss: 0.330, Train Time: 729.03s
2024-05-06 07:37:52,226 Epoch: 223, Train Loss: 0.341, Train Time: 726.96s
2024-05-06 07:49:50,988 Epoch: 224, Train Loss: 0.345, Train Time: 718.66s
2024-05-06 08:01:55,268 Epoch: 225, Train Loss: 0.316, Train Time: 724.17s
2024-05-06 08:14:05,368 Epoch: 226, Train Loss: 0.299, Train Time: 730.00s
2024-05-06 08:26:12,551 Epoch: 227, Train Loss: 0.345, Train Time: 727.08s
2024-05-06 08:38:21,627 Epoch: 228, Train Loss: 0.294, Train Time: 728.97s
2024-05-06 08:50:26,613 Epoch: 229, Train Loss: 0.251, Train Time: 724.89s
2024-05-06 09:02:32,325 Epoch: 230, Train Loss: 0.232, Train Time: 725.61s
2024-05-06 09:14:25,296 Epoch: 231, Train Loss: 0.272, Train Time: 712.86s
2024-05-06 09:26:33,600 Epoch: 232, Train Loss: 0.329, Train Time: 728.20s
2024-05-06 09:38:37,317 Epoch: 233, Train Loss: 0.344, Train Time: 723.61s
2024-05-06 09:50:45,577 Epoch: 234, Train Loss: 0.330, Train Time: 728.16s
2024-05-06 10:02:48,627 Epoch: 235, Train Loss: 0.341, Train Time: 722.95s
2024-05-06 10:14:46,238 Epoch: 236, Train Loss: 0.332, Train Time: 717.51s
2024-05-06 10:26:46,142 Epoch: 237, Train Loss: 0.266, Train Time: 719.80s
2024-05-06 10:38:52,165 Epoch: 238, Train Loss: 0.302, Train Time: 725.92s
2024-05-06 10:50:46,647 Epoch: 239, Train Loss: 0.344, Train Time: 714.37s
2024-05-06 11:02:40,921 Epoch: 240, Train Loss: 0.361, Train Time: 714.17s
2024-05-06 11:14:44,904 Epoch: 241, Train Loss: 0.374, Train Time: 723.89s
2024-05-06 11:26:41,800 Epoch: 242, Train Loss: 0.372, Train Time: 716.79s
2024-05-06 11:38:38,199 Epoch: 243, Train Loss: 0.341, Train Time: 716.30s
2024-05-06 11:50:49,607 Epoch: 244, Train Loss: 0.325, Train Time: 731.31s
2024-05-06 12:03:03,266 Epoch: 245, Train Loss: 0.392, Train Time: 733.55s
2024-05-06 12:15:15,018 Epoch: 246, Train Loss: 0.418, Train Time: 731.65s
2024-05-06 12:27:14,853 Epoch: 247, Train Loss: 0.419, Train Time: 719.73s
2024-05-06 12:39:24,290 Epoch: 248, Train Loss: 0.436, Train Time: 729.33s
2024-05-06 12:51:30,803 Epoch: 249, Train Loss: 0.388, Train Time: 726.41s
2024-05-06 13:03:40,876 Epoch: 250, Train Loss: 0.339, Train Time: 729.97s
2024-05-06 13:15:52,725 Epoch: 251, Train Loss: 0.351, Train Time: 731.75s
2024-05-06 13:28:03,659 Epoch: 252, Train Loss: 0.387, Train Time: 730.83s
2024-05-06 13:40:11,453 Epoch: 253, Train Loss: 0.366, Train Time: 727.69s
2024-05-06 13:52:23,328 Epoch: 254, Train Loss: 0.360, Train Time: 731.78s
2024-05-06 14:04:37,535 Epoch: 255, Train Loss: 0.419, Train Time: 734.11s
2024-05-06 14:16:49,785 Epoch: 256, Train Loss: 0.417, Train Time: 732.14s
2024-05-06 14:28:58,413 Epoch: 257, Train Loss: 0.413, Train Time: 728.53s
2024-05-06 14:40:57,960 Epoch: 258, Train Loss: 0.425, Train Time: 719.44s
2024-05-06 14:53:07,699 Epoch: 259, Train Loss: 0.382, Train Time: 729.63s
2024-05-06 15:05:06,699 Epoch: 260, Train Loss: 0.386, Train Time: 718.89s
2024-05-06 15:17:15,946 Epoch: 261, Train Loss: 0.412, Train Time: 729.15s
2024-05-06 15:29:27,716 Epoch: 262, Train Loss: 0.395, Train Time: 731.67s
2024-05-06 15:41:42,011 Epoch: 263, Train Loss: 0.377, Train Time: 734.18s
2024-05-06 15:53:57,417 Epoch: 264, Train Loss: 0.343, Train Time: 735.30s
2024-05-06 16:06:05,712 Epoch: 265, Train Loss: 0.374, Train Time: 728.19s
2024-05-06 16:18:17,990 Epoch: 266, Train Loss: 0.349, Train Time: 732.18s
2024-05-06 16:30:29,684 Epoch: 267, Train Loss: 0.359, Train Time: 731.59s
2024-05-06 16:42:47,973 Epoch: 268, Train Loss: 0.304, Train Time: 738.18s
2024-05-06 16:55:05,500 Epoch: 269, Train Loss: 0.384, Train Time: 737.42s
2024-05-06 17:07:23,525 Epoch: 270, Train Loss: 0.389, Train Time: 737.92s
2024-05-06 17:19:32,931 Epoch: 271, Train Loss: 0.424, Train Time: 729.30s
2024-05-06 17:31:51,600 Epoch: 272, Train Loss: 0.384, Train Time: 738.56s
2024-05-06 17:43:53,385 Epoch: 273, Train Loss: 0.326, Train Time: 721.68s
2024-05-06 17:56:05,755 Epoch: 274, Train Loss: 0.335, Train Time: 732.27s
2024-05-06 18:08:18,736 Epoch: 275, Train Loss: 0.344, Train Time: 732.88s
2024-05-06 18:20:35,565 Epoch: 276, Train Loss: 0.447, Train Time: 736.72s
2024-05-06 18:32:46,350 Epoch: 277, Train Loss: 0.486, Train Time: 730.68s
2024-05-06 18:44:54,561 Epoch: 278, Train Loss: 0.440, Train Time: 728.11s
2024-05-06 18:57:02,966 Epoch: 279, Train Loss: 0.451, Train Time: 728.30s
2024-05-06 19:09:15,668 Epoch: 280, Train Loss: 0.435, Train Time: 732.60s
2024-05-06 19:21:24,480 Epoch: 281, Train Loss: 0.450, Train Time: 728.71s
2024-05-06 19:33:38,038 Epoch: 282, Train Loss: 0.429, Train Time: 733.45s
2024-05-06 19:45:47,975 Epoch: 283, Train Loss: 0.459, Train Time: 729.84s
2024-05-06 19:57:57,262 Epoch: 284, Train Loss: 0.457, Train Time: 729.18s
2024-05-06 20:10:04,965 Epoch: 285, Train Loss: 0.447, Train Time: 727.60s
2024-05-06 20:22:12,736 Epoch: 286, Train Loss: 0.429, Train Time: 727.67s
2024-05-06 20:34:17,483 Epoch: 287, Train Loss: 0.408, Train Time: 724.64s
2024-05-06 20:46:36,127 Epoch: 288, Train Loss: 0.401, Train Time: 738.54s
2024-05-06 20:58:49,105 Epoch: 289, Train Loss: 0.474, Train Time: 732.87s
2024-05-06 21:11:00,759 Epoch: 290, Train Loss: 0.499, Train Time: 731.55s
2024-05-06 21:23:10,826 Epoch: 291, Train Loss: 0.473, Train Time: 729.96s
2024-05-06 21:35:25,855 Epoch: 292, Train Loss: 0.466, Train Time: 734.92s
2024-05-06 21:47:41,340 Epoch: 293, Train Loss: 0.564, Train Time: 735.38s
2024-05-06 21:59:55,004 Epoch: 294, Train Loss: 0.506, Train Time: 733.55s
2024-05-06 22:11:55,937 Epoch: 295, Train Loss: 0.525, Train Time: 720.83s
2024-05-06 22:24:11,668 Epoch: 296, Train Loss: 0.525, Train Time: 735.63s
2024-05-06 22:36:24,897 Epoch: 297, Train Loss: 0.518, Train Time: 733.12s
2024-05-06 22:48:38,896 Epoch: 298, Train Loss: 0.575, Train Time: 733.90s
2024-05-06 23:00:53,760 Epoch: 299, Train Loss: 0.530, Train Time: 734.76s
2024-05-06 23:13:11,168 Epoch: 300, Train Loss: 0.526, Train Time: 737.30s
2024-05-06 23:25:24,777 Epoch: 301, Train Loss: 0.529, Train Time: 733.51s
2024-05-06 23:37:34,481 Epoch: 302, Train Loss: 0.538, Train Time: 729.60s
2024-05-06 23:49:50,839 Epoch: 303, Train Loss: 0.517, Train Time: 736.25s
2024-05-07 00:02:04,628 Epoch: 304, Train Loss: 0.473, Train Time: 733.68s
2024-05-07 00:14:15,109 Epoch: 305, Train Loss: 0.511, Train Time: 730.38s
2024-05-07 00:26:16,208 Epoch: 306, Train Loss: 0.540, Train Time: 720.99s
2024-05-07 00:38:18,423 Epoch: 307, Train Loss: 0.563, Train Time: 722.11s
2024-05-07 00:50:28,954 Epoch: 308, Train Loss: 0.538, Train Time: 730.43s
2024-05-07 01:02:41,334 Epoch: 309, Train Loss: 0.504, Train Time: 732.28s
2024-05-07 01:14:58,785 Epoch: 310, Train Loss: 0.520, Train Time: 737.35s
2024-05-07 01:26:58,678 Epoch: 311, Train Loss: 0.552, Train Time: 719.79s
2024-05-07 01:39:19,403 Epoch: 312, Train Loss: 0.577, Train Time: 740.62s
2024-05-07 01:51:32,882 Epoch: 313, Train Loss: 0.518, Train Time: 733.37s
2024-05-07 02:03:47,431 Epoch: 314, Train Loss: 0.478, Train Time: 734.45s
2024-05-07 02:16:00,510 Epoch: 315, Train Loss: 0.592, Train Time: 732.97s
2024-05-07 02:28:15,130 Epoch: 316, Train Loss: 0.567, Train Time: 734.51s
2024-05-07 02:40:23,885 Epoch: 317, Train Loss: 0.642, Train Time: 728.65s
2024-05-07 02:52:39,115 Epoch: 318, Train Loss: 0.659, Train Time: 735.12s
2024-05-07 03:04:50,186 Epoch: 319, Train Loss: 0.601, Train Time: 730.96s
2024-05-07 03:17:03,613 Epoch: 320, Train Loss: 0.617, Train Time: 733.32s
2024-05-07 03:29:15,704 Epoch: 321, Train Loss: 0.561, Train Time: 731.98s
2024-05-07 03:41:26,788 Epoch: 322, Train Loss: 0.599, Train Time: 730.98s
2024-05-07 03:53:35,458 Epoch: 323, Train Loss: 0.577, Train Time: 728.57s
2024-05-07 04:05:42,386 Epoch: 324, Train Loss: 0.597, Train Time: 726.82s
2024-05-07 04:17:40,653 Epoch: 325, Train Loss: 0.663, Train Time: 718.17s
2024-05-07 04:29:47,648 Epoch: 326, Train Loss: 0.632, Train Time: 726.89s
2024-05-07 04:42:04,306 Epoch: 327, Train Loss: 0.653, Train Time: 736.55s
2024-05-07 04:54:14,498 Epoch: 328, Train Loss: 0.748, Train Time: 730.09s
2024-05-07 05:06:28,907 Epoch: 329, Train Loss: 0.767, Train Time: 734.30s
2024-05-07 05:18:41,163 Epoch: 330, Train Loss: 0.673, Train Time: 732.15s
2024-05-07 05:30:53,311 Epoch: 331, Train Loss: 0.651, Train Time: 732.04s
2024-05-07 05:43:05,261 Epoch: 332, Train Loss: 0.590, Train Time: 731.84s
2024-05-07 05:55:16,456 Epoch: 333, Train Loss: 0.588, Train Time: 731.09s
2024-05-07 06:07:27,670 Epoch: 334, Train Loss: 0.592, Train Time: 731.11s
2024-05-07 06:19:47,629 Epoch: 335, Train Loss: 0.631, Train Time: 739.86s
2024-05-07 06:31:58,299 Epoch: 336, Train Loss: 0.635, Train Time: 730.57s
2024-05-07 06:43:57,783 Epoch: 337, Train Loss: 0.700, Train Time: 719.38s
2024-05-07 06:56:05,834 Epoch: 338, Train Loss: 0.685, Train Time: 727.95s
2024-05-07 07:08:22,581 Epoch: 339, Train Loss: 0.743, Train Time: 736.64s
2024-05-07 07:20:24,387 Epoch: 340, Train Loss: 0.667, Train Time: 721.70s
2024-05-07 07:32:36,665 Epoch: 341, Train Loss: 0.674, Train Time: 732.18s
2024-05-07 07:44:45,821 Epoch: 342, Train Loss: 0.659, Train Time: 729.05s
2024-05-07 07:56:58,389 Epoch: 343, Train Loss: 0.681, Train Time: 732.47s
2024-05-07 08:09:09,514 Epoch: 344, Train Loss: 0.662, Train Time: 731.02s
2024-05-07 08:21:10,378 Epoch: 345, Train Loss: 0.742, Train Time: 720.76s
2024-05-07 08:33:23,456 Epoch: 346, Train Loss: 0.682, Train Time: 732.97s
2024-05-07 08:45:35,803 Epoch: 347, Train Loss: 0.751, Train Time: 732.24s
2024-05-07 08:57:51,957 Epoch: 348, Train Loss: 0.719, Train Time: 736.04s
2024-05-07 09:10:02,961 Epoch: 349, Train Loss: 0.679, Train Time: 730.90s
2024-05-07 09:22:13,044 Epoch: 350, Train Loss: 0.709, Train Time: 729.98s
2024-05-07 09:34:26,742 Epoch: 351, Train Loss: 0.688, Train Time: 733.59s
2024-05-07 09:46:43,032 Epoch: 352, Train Loss: 0.673, Train Time: 736.19s
2024-05-07 09:58:53,144 Epoch: 353, Train Loss: 0.744, Train Time: 730.01s
2024-05-07 10:11:07,058 Epoch: 354, Train Loss: 0.678, Train Time: 733.80s
2024-05-07 10:23:22,054 Epoch: 355, Train Loss: 0.682, Train Time: 734.89s
2024-05-07 10:35:31,566 Epoch: 356, Train Loss: 0.714, Train Time: 729.41s
2024-05-07 10:47:50,460 Epoch: 357, Train Loss: 0.733, Train Time: 738.79s
2024-05-07 10:59:55,846 Epoch: 358, Train Loss: 0.750, Train Time: 725.28s
2024-05-07 11:12:13,504 Epoch: 359, Train Loss: 0.704, Train Time: 737.55s
2024-05-07 11:24:30,344 Epoch: 360, Train Loss: 0.804, Train Time: 736.73s
2024-05-07 11:36:44,424 Epoch: 361, Train Loss: 0.860, Train Time: 733.97s
2024-05-07 11:48:56,236 Epoch: 362, Train Loss: 0.798, Train Time: 731.71s
2024-05-07 12:01:15,360 Epoch: 363, Train Loss: 0.848, Train Time: 739.02s
2024-05-07 12:13:36,583 Epoch: 364, Train Loss: 0.828, Train Time: 741.12s
2024-05-07 12:25:49,828 Epoch: 365, Train Loss: 0.782, Train Time: 733.14s
2024-05-07 12:38:05,282 Epoch: 366, Train Loss: 0.752, Train Time: 735.35s
2024-05-07 12:50:18,867 Epoch: 367, Train Loss: 0.831, Train Time: 733.48s
2024-05-07 13:02:33,885 Epoch: 368, Train Loss: 0.854, Train Time: 734.91s
2024-05-07 13:14:51,717 Epoch: 369, Train Loss: 0.821, Train Time: 737.73s
2024-05-07 13:27:10,485 Epoch: 370, Train Loss: 0.871, Train Time: 738.67s
2024-05-07 13:39:22,133 Epoch: 371, Train Loss: 0.863, Train Time: 731.54s
2024-05-07 13:51:35,987 Epoch: 372, Train Loss: 0.803, Train Time: 733.75s
2024-05-07 14:03:48,840 Epoch: 373, Train Loss: 0.897, Train Time: 732.75s
2024-05-07 14:15:49,726 Epoch: 374, Train Loss: 0.832, Train Time: 720.78s
2024-05-07 14:28:05,667 Epoch: 375, Train Loss: 0.874, Train Time: 735.84s
2024-05-07 14:40:23,266 Epoch: 376, Train Loss: 0.829, Train Time: 737.49s
2024-05-07 14:52:34,552 Epoch: 377, Train Loss: 0.834, Train Time: 731.18s
2024-05-07 15:04:55,078 Epoch: 378, Train Loss: 0.831, Train Time: 740.41s
2024-05-07 15:17:14,657 Epoch: 379, Train Loss: 0.833, Train Time: 739.47s
2024-05-07 15:29:30,253 Epoch: 380, Train Loss: 0.824, Train Time: 735.49s
2024-05-07 15:41:48,184 Epoch: 381, Train Loss: 0.808, Train Time: 737.82s
2024-05-07 15:54:07,425 Epoch: 382, Train Loss: 0.857, Train Time: 739.13s
2024-05-07 16:06:23,880 Epoch: 383, Train Loss: 0.929, Train Time: 736.35s
2024-05-07 16:18:40,488 Epoch: 384, Train Loss: 0.884, Train Time: 736.50s
2024-05-07 16:30:57,028 Epoch: 385, Train Loss: 0.909, Train Time: 736.43s
2024-05-07 16:43:09,534 Epoch: 386, Train Loss: 0.909, Train Time: 732.40s
2024-05-07 16:55:27,737 Epoch: 387, Train Loss: 0.933, Train Time: 738.10s
2024-05-07 17:07:50,420 Epoch: 388, Train Loss: 0.884, Train Time: 742.57s
2024-05-07 17:20:06,533 Epoch: 389, Train Loss: 0.888, Train Time: 736.01s
2024-05-07 17:32:22,628 Epoch: 390, Train Loss: 0.875, Train Time: 735.98s
2024-05-07 17:44:35,215 Epoch: 391, Train Loss: 0.854, Train Time: 732.49s
2024-05-07 17:56:51,338 Epoch: 392, Train Loss: 0.809, Train Time: 736.02s
2024-05-07 18:09:04,690 Epoch: 393, Train Loss: 0.791, Train Time: 733.24s
2024-05-07 18:21:26,359 Epoch: 394, Train Loss: 0.797, Train Time: 741.56s
2024-05-07 18:33:39,976 Epoch: 395, Train Loss: 0.797, Train Time: 733.52s
2024-05-07 18:46:03,345 Epoch: 396, Train Loss: 0.774, Train Time: 743.26s
2024-05-07 18:58:23,054 Epoch: 397, Train Loss: 0.805, Train Time: 739.61s
2024-05-07 19:10:25,573 Epoch: 398, Train Loss: 0.795, Train Time: 722.41s
2024-05-07 19:22:40,420 Epoch: 399, Train Loss: 0.821, Train Time: 734.75s
2024-05-07 19:34:56,828 Epoch: 400, Train Loss: 0.909, Train Time: 736.30s
2024-05-07 19:47:08,972 Epoch: 401, Train Loss: 0.906, Train Time: 732.04s
2024-05-07 19:59:28,552 Epoch: 402, Train Loss: 0.932, Train Time: 739.47s
2024-05-07 20:11:43,190 Epoch: 403, Train Loss: 1.054, Train Time: 734.54s
2024-05-07 20:23:57,238 Epoch: 404, Train Loss: 0.996, Train Time: 733.94s
2024-05-07 20:36:15,587 Epoch: 405, Train Loss: 1.008, Train Time: 738.24s
2024-05-07 20:48:31,622 Epoch: 406, Train Loss: 1.049, Train Time: 735.92s
2024-05-07 21:00:42,467 Epoch: 407, Train Loss: 0.996, Train Time: 730.74s
2024-05-07 21:13:02,115 Epoch: 408, Train Loss: 0.972, Train Time: 739.54s
2024-05-07 21:25:22,069 Epoch: 409, Train Loss: 0.938, Train Time: 739.85s
2024-05-07 21:37:37,799 Epoch: 410, Train Loss: 0.970, Train Time: 735.63s
2024-05-07 21:49:54,133 Epoch: 411, Train Loss: 0.996, Train Time: 736.23s
2024-05-07 22:02:14,155 Epoch: 412, Train Loss: 0.975, Train Time: 739.91s
2024-05-07 22:14:32,606 Epoch: 413, Train Loss: 0.922, Train Time: 738.35s
2024-05-07 22:26:40,176 Epoch: 414, Train Loss: 0.953, Train Time: 727.47s
2024-05-07 22:38:56,866 Epoch: 415, Train Loss: 1.009, Train Time: 736.58s
2024-05-07 22:51:15,989 Epoch: 416, Train Loss: 1.052, Train Time: 739.02s
2024-05-07 23:03:34,227 Epoch: 417, Train Loss: 1.028, Train Time: 738.13s
2024-05-07 23:15:55,676 Epoch: 418, Train Loss: 1.039, Train Time: 741.34s
2024-05-07 23:28:11,321 Epoch: 419, Train Loss: 1.085, Train Time: 735.54s
2024-05-07 23:40:31,778 Epoch: 420, Train Loss: 1.055, Train Time: 740.35s
2024-05-07 23:52:49,854 Epoch: 421, Train Loss: 1.142, Train Time: 737.97s
2024-05-08 00:05:06,777 Epoch: 422, Train Loss: 1.107, Train Time: 736.82s
2024-05-08 00:17:28,395 Epoch: 423, Train Loss: 0.974, Train Time: 741.51s
2024-05-08 00:29:47,250 Epoch: 424, Train Loss: 0.920, Train Time: 738.75s
2024-05-08 00:42:09,745 Epoch: 425, Train Loss: 0.986, Train Time: 742.39s
2024-05-08 00:54:30,898 Epoch: 426, Train Loss: 1.117, Train Time: 741.05s
2024-05-08 01:06:49,230 Epoch: 427, Train Loss: 1.239, Train Time: 738.22s
2024-05-08 01:19:04,530 Epoch: 428, Train Loss: 1.160, Train Time: 735.19s
2024-05-08 01:31:24,836 Epoch: 429, Train Loss: 1.196, Train Time: 740.20s
2024-05-08 01:43:31,413 Epoch: 430, Train Loss: 1.174, Train Time: 726.47s
2024-05-08 01:55:48,382 Epoch: 431, Train Loss: 1.158, Train Time: 736.86s
2024-05-08 02:08:04,416 Epoch: 432, Train Loss: 1.109, Train Time: 735.93s
2024-05-08 02:20:21,133 Epoch: 433, Train Loss: 1.137, Train Time: 736.62s
2024-05-08 02:32:34,834 Epoch: 434, Train Loss: 1.288, Train Time: 733.60s
2024-05-08 02:44:52,041 Epoch: 435, Train Loss: 1.198, Train Time: 737.10s
2024-05-08 02:57:13,385 Epoch: 436, Train Loss: 1.221, Train Time: 741.23s
2024-05-08 03:09:28,381 Epoch: 437, Train Loss: 1.402, Train Time: 734.89s
2024-05-08 03:21:46,242 Epoch: 438, Train Loss: 1.382, Train Time: 737.76s
2024-05-08 03:33:51,724 Epoch: 439, Train Loss: 1.438, Train Time: 725.38s
2024-05-08 03:46:09,669 Epoch: 440, Train Loss: 1.294, Train Time: 737.84s
2024-05-08 03:58:29,977 Epoch: 441, Train Loss: 1.280, Train Time: 740.20s
2024-05-08 04:10:52,344 Epoch: 442, Train Loss: 1.303, Train Time: 742.26s
2024-05-08 04:23:13,002 Epoch: 443, Train Loss: 1.277, Train Time: 740.55s
2024-05-08 04:35:24,552 Epoch: 444, Train Loss: 1.224, Train Time: 731.44s
2024-05-08 04:47:48,467 Epoch: 445, Train Loss: 1.238, Train Time: 743.81s
2024-05-08 05:00:10,264 Epoch: 446, Train Loss: 1.208, Train Time: 741.69s
2024-05-08 05:12:31,049 Epoch: 447, Train Loss: 1.179, Train Time: 740.68s
2024-05-08 05:24:57,770 Epoch: 448, Train Loss: 1.366, Train Time: 746.61s
2024-05-08 05:37:21,994 Epoch: 449, Train Loss: 1.245, Train Time: 744.11s
2024-05-08 05:49:49,709 Epoch: 450, Train Loss: 1.220, Train Time: 747.61s
2024-05-08 06:02:09,850 Epoch: 451, Train Loss: 1.191, Train Time: 740.04s
2024-05-08 06:14:26,977 Epoch: 452, Train Loss: 1.171, Train Time: 737.02s
2024-05-08 06:26:47,501 Epoch: 453, Train Loss: 1.286, Train Time: 740.42s
2024-05-08 06:39:15,073 Epoch: 454, Train Loss: 1.244, Train Time: 747.46s
2024-05-08 06:51:35,663 Epoch: 455, Train Loss: 1.178, Train Time: 740.48s
2024-05-08 07:03:57,212 Epoch: 456, Train Loss: 1.305, Train Time: 741.44s
4 days of training-------------------------------

Eval: 100%|| 1000/1000 [24:37<00:00,  1.48s/it]
val accuracy = 0.618
